Arguments: 
  D:\Software\nodejs\node.exe D:\Software\yarn\bin\yarn.js install

PATH: 
  C:\windows\system32;C:\windows;C:\windows\System32\Wbem;C:\windows\System32\WindowsPowerShell\v1.0\;C:\windows\System32\OpenSSH\;C:\Program Files\Microsoft VS Code\bin;C:\Program Files\TortoiseSVN\bin;D:\Software\yarn\bin\;D:\Software\nodejs\;C:\Users\wb.chennan08\AppData\Local\Microsoft\WindowsApps;D:\Bandizip\;C:\Users\wb.chennan08\AppData\Local\Yarn\bin;C:\Users\wb.chennan08\AppData\Roaming\npm;D:\Software\WebStorm 2021.3.1\bin;

Yarn version: 
  1.22.5

Node version: 
  16.13.1

Platform: 
  win32 x64

Trace: 
  Error: getaddrinfo EAI_AGAIN registry.npmmirror.com
      at GetAddrInfoReqWrap.onlookup [as oncomplete] (node:dns:71:26)

npm manifest: 
  {
    "name": "wheel-ui",
    "version": "0.0.0",
    "scripts": {
      "dev": "vite",
      "build": "vite build"
    },
    "dependencies": {
      "github-markdown-css": "4.0.0",
      "marked": "1.1.1",
      "prismjs": "1.21.0",
      "vue": "3.0.0",
      "vue-router": "4.0.0-beta.3"
    },
    "devDependencies": {
      "@vue/compiler-sfc": "3.0.0",
      "rollup-plugin-esbuild": "2.5.0",
      "rollup-plugin-scss": "2.6.0",
      "rollup-plugin-terser": "7.0.2",
      "rollup-plugin-vue": "6.0.0-beta.10",
      "sass": "1.32.11",
      "vite": "1.0.0-rc.1"
    }
  }

yarn manifest: 
  No manifest

Lockfile: 
  # THIS IS AN AUTOGENERATED FILE. DO NOT EDIT THIS FILE DIRECTLY.
  # yarn lockfile v1
  
  
  "@babel/code-frame@^7.5.5":
    version "7.16.7"
    resolved "https://registry.npmmirror.com/@babel/code-frame/download/@babel/code-frame-7.16.7.tgz#44416b6bd7624b998f5b1af5d470856c40138789"
    integrity sha512-iAXqUn8IIeBTNd72xsFlgaXHkMBMt6y4HJp1tIaK465CWLT/fG1aqB7ykr95gHHmlBdGbFeWWfyB4NJJ0nmeIg==
    dependencies:
      "@babel/highlight" "^7.16.7"
  
  "@babel/helper-validator-identifier@^7.16.7":
    version "7.16.7"
    resolved "https://registry.npmmirror.com/@babel/helper-validator-identifier/download/@babel/helper-validator-identifier-7.16.7.tgz#e8c602438c4a8195751243da9031d1607d247cad"
    integrity sha512-hsEnFemeiW4D08A5gUAZxLBTXpZ39P+a+DGDsHw1yxqyQ/jzFEnxf5uTEGp+3bzAbNOxU1paTgYS4ECU/IgfDw==
  
  "@babel/highlight@^7.16.7":
    version "7.16.7"
    resolved "https://registry.npmmirror.com/@babel/highlight/download/@babel/highlight-7.16.7.tgz#81a01d7d675046f0d96f82450d9d9578bdfd6b0b"
    integrity sha512-aKpPMfLvGO3Q97V0qhw/V2SWNWlwfJknuwAunU7wZLSfrM4xTBvg7E5opUVi1kJTBKihE38CPg4nBiqX83PWYw==
    dependencies:
      "@babel/helper-validator-identifier" "^7.16.7"
      chalk "^2.0.0"
      js-tokens "^4.0.0"
  
  "@babel/parser@^7.15.0", "@babel/parser@^7.16.4", "@babel/parser@^7.9.4":
    version "7.16.7"
    resolved "https://registry.npmmirror.com/@babel/parser/download/@babel/parser-7.16.7.tgz#d372dda9c89fcec340a82630a9f533f2fe15877e"
    integrity sha512-sR4eaSrnM7BV7QPzGfEX5paG/6wrZM3I0HDzfIAK06ESvo9oy3xBuVBxE3MbQaKNhvg8g/ixjMWo2CGpzpHsDA==
  
  "@nodelib/fs.scandir@2.1.5":
    version "2.1.5"
    resolved "https://registry.nlark.com/@nodelib/fs.scandir/download/@nodelib/fs.scandir-2.1.5.tgz#7619c2eb21b25483f6d167548b4cfd5a7488c3d5"
    integrity sha1-dhnC6yGyVIP20WdUi0z9WnSIw9U=
    dependencies:
      "@nodelib/fs.stat" "2.0.5"
      run-parallel "^1.1.9"
  
  "@nodelib/fs.stat@2.0.5", "@nodelib/fs.stat@^2.0.2":
    version "2.0.5"
    resolved "https://registry.nlark.com/@nodelib/fs.stat/download/@nodelib/fs.stat-2.0.5.tgz#5bd262af94e9d25bd1e71b05deed44876a222e8b"
    integrity sha1-W9Jir5Tp0lvR5xsF3u1Eh2oiLos=
  
  "@nodelib/fs.walk@^1.2.3":
    version "1.2.8"
    resolved "https://registry.nlark.com/@nodelib/fs.walk/download/@nodelib/fs.walk-1.2.8.tgz?cache=0&sync_timestamp=1625769855088&other_urls=https%3A%2F%2Fregistry.nlark.com%2F%40nodelib%2Ffs.walk%2Fdownload%2F%40nodelib%2Ffs.walk-1.2.8.tgz#e95737e8bb6746ddedf69c556953494f196fe69a"
    integrity sha1-6Vc36LtnRt3t9pxVaVNJTxlv5po=
    dependencies:
      "@nodelib/fs.scandir" "2.1.5"
      fastq "^1.6.0"
  
  "@rollup/plugin-commonjs@^13.0.0":
    version "13.0.2"
    resolved "https://registry.npmmirror.com/@rollup/plugin-commonjs/download/@rollup/plugin-commonjs-13.0.2.tgz#b7783f0db049450c72d60bc06cf48d4951515e58"
    integrity sha1-t3g/DbBJRQxy1gvAbPSNSVFRXlg=
    dependencies:
      "@rollup/pluginutils" "^3.0.8"
      commondir "^1.0.1"
      estree-walker "^1.0.1"
      glob "^7.1.2"
      is-reference "^1.1.2"
      magic-string "^0.25.2"
      resolve "^1.11.0"
  
  "@rollup/plugin-json@^4.0.3":
    version "4.1.0"
    resolved "https://registry.npm.taobao.org/@rollup/plugin-json/download/@rollup/plugin-json-4.1.0.tgz#54e09867ae6963c593844d8bd7a9c718294496f3"
    integrity sha1-VOCYZ65pY8WThE2L16nHGClElvM=
    dependencies:
      "@rollup/pluginutils" "^3.0.8"
  
  "@rollup/plugin-node-resolve@^8.0.0":
    version "8.4.0"
    resolved "https://registry.npmmirror.com/@rollup/plugin-node-resolve/download/@rollup/plugin-node-resolve-8.4.0.tgz#261d79a680e9dc3d86761c14462f24126ba83575"
    integrity sha1-Jh15poDp3D2GdhwURi8kEmuoNXU=
    dependencies:
      "@rollup/pluginutils" "^3.1.0"
      "@types/resolve" "1.17.1"
      builtin-modules "^3.1.0"
      deep-freeze "^0.0.1"
      deepmerge "^4.2.2"
      is-module "^1.0.0"
      resolve "^1.17.0"
  
  "@rollup/pluginutils@^3.0.8", "@rollup/pluginutils@^3.0.9", "@rollup/pluginutils@^3.1.0":
    version "3.1.0"
    resolved "https://registry.npmmirror.com/@rollup/pluginutils/download/@rollup/pluginutils-3.1.0.tgz#706b4524ee6dc8b103b3c995533e5ad680c02b9b"
    integrity sha1-cGtFJO5tyLEDs8mVUz5a1oDAK5s=
    dependencies:
      "@types/estree" "0.0.39"
      estree-walker "^1.0.1"
      picomatch "^2.2.2"
  
  "@types/accepts@*":
    version "1.3.5"
    resolved "https://registry.npmmirror.com/@types/accepts/download/@types/accepts-1.3.5.tgz#c34bec115cfc746e04fe5a059df4ce7e7b391575"
    integrity sha1-w0vsEVz8dG4E/loFnfTOfns5FXU=
    dependencies:
      "@types/node" "*"
  
  "@types/body-parser@*":
    version "1.19.2"
    resolved "https://registry.npmmirror.com/@types/body-parser/download/@types/body-parser-1.19.2.tgz?cache=0&sync_timestamp=1637265034342&other_urls=https%3A%2F%2Fregistry.npmmirror.com%2F%40types%2Fbody-parser%2Fdownload%2F%40types%2Fbody-parser-1.19.2.tgz#aea2059e28b7658639081347ac4fab3de166e6f0"
    integrity sha512-ALYone6pm6QmwZoAgeyNksccT9Q4AWZQ6PvfwR37GT6r6FWUPguq6sUmNGSMV2Wr761oQoBxwGGa6DR5o1DC9g==
    dependencies:
      "@types/connect" "*"
      "@types/node" "*"
  
  "@types/connect@*":
    version "3.4.35"
    resolved "https://registry.npmmirror.com/@types/connect/download/@types/connect-3.4.35.tgz?cache=0&sync_timestamp=1637264533049&other_urls=https%3A%2F%2Fregistry.npmmirror.com%2F%40types%2Fconnect%2Fdownload%2F%40types%2Fconnect-3.4.35.tgz#5fcf6ae445e4021d1fc2219a4873cc73a3bb2ad1"
    integrity sha1-X89q5EXkAh0fwiGaSHPMc6O7KtE=
    dependencies:
      "@types/node" "*"
  
  "@types/content-disposition@*":
    version "0.5.4"
    resolved "https://registry.npmmirror.com/@types/content-disposition/download/@types/content-disposition-0.5.4.tgz?cache=0&sync_timestamp=1637264538069&other_urls=https%3A%2F%2Fregistry.npmmirror.com%2F%40types%2Fcontent-disposition%2Fdownload%2F%40types%2Fcontent-disposition-0.5.4.tgz#de48cf01c79c9f1560bcfd8ae43217ab028657f8"
    integrity sha1-3kjPAcecnxVgvP2K5DIXqwKGV/g=
  
  "@types/cookies@*":
    version "0.7.7"
    resolved "https://registry.npmmirror.com/@types/cookies/download/@types/cookies-0.7.7.tgz?cache=0&sync_timestamp=1637264548126&other_urls=https%3A%2F%2Fregistry.npmmirror.com%2F%40types%2Fcookies%2Fdownload%2F%40types%2Fcookies-0.7.7.tgz#7a92453d1d16389c05a5301eef566f34946cfd81"
    integrity sha1-epJFPR0WOJwFpTAe71ZvNJRs/YE=
    dependencies:
      "@types/connect" "*"
      "@types/express" "*"
      "@types/keygrip" "*"
      "@types/node" "*"
  
  "@types/estree@*":
    version "0.0.50"
    resolved "https://registry.npmmirror.com/@types/estree/download/@types/estree-0.0.50.tgz#1e0caa9364d3fccd2931c3ed96fdbeaa5d4cca83"
    integrity sha1-Hgyqk2TT/M0pMcPtlv2+ql1MyoM=
  
  "@types/estree@0.0.39":
    version "0.0.39"
    resolved "https://registry.npmmirror.com/@types/estree/download/@types/estree-0.0.39.tgz#e177e699ee1b8c22d23174caaa7422644389509f"
    integrity sha1-4Xfmme4bjCLSMXTKqnQiZEOJUJ8=
  
  "@types/express-serve-static-core@^4.17.18":
    version "4.17.27"
    resolved "https://registry.npmmirror.com/@types/express-serve-static-core/download/@types/express-serve-static-core-4.17.27.tgz#7a776191e47295d2a05962ecbb3a4ce97e38b401"
    integrity sha512-e/sVallzUTPdyOTiqi8O8pMdBBphscvI6E4JYaKlja4Lm+zh7UFSSdW5VMkRbhDtmrONqOUHOXRguPsDckzxNA==
    dependencies:
      "@types/node" "*"
      "@types/qs" "*"
      "@types/range-parser" "*"
  
  "@types/express@*":
    version "4.17.13"
    resolved "https://registry.npmmirror.com/@types/express/download/@types/express-4.17.13.tgz#a76e2995728999bab51a33fabce1d705a3709034"
    integrity sha1-p24plXKJmbq1GjP6vOHXBaNwkDQ=
    dependencies:
      "@types/body-parser" "*"
      "@types/express-serve-static-core" "^4.17.18"
      "@types/qs" "*"
      "@types/serve-static" "*"
  
  "@types/http-assert@*":
    version "1.5.3"
    resolved "https://registry.npmmirror.com/@types/http-assert/download/@types/http-assert-1.5.3.tgz?cache=0&sync_timestamp=1637265761327&other_urls=https%3A%2F%2Fregistry.npmmirror.com%2F%40types%2Fhttp-assert%2Fdownload%2F%40types%2Fhttp-assert-1.5.3.tgz#ef8e3d1a8d46c387f04ab0f2e8ab8cb0c5078661"
    integrity sha1-7449Go1Gw4fwSrDy6KuMsMUHhmE=
  
  "@types/http-errors@*":
    version "1.8.1"
    resolved "https://registry.npmmirror.com/@types/http-errors/download/@types/http-errors-1.8.1.tgz#e81ad28a60bee0328c6d2384e029aec626f1ae67"
    integrity sha1-6BrSimC+4DKMbSOE4Cmuxibxrmc=
  
  "@types/keygrip@*":
    version "1.0.2"
    resolved "https://registry.npmmirror.com/@types/keygrip/download/@types/keygrip-1.0.2.tgz#513abfd256d7ad0bf1ee1873606317b33b1b2a72"
    integrity sha1-UTq/0lbXrQvx7hhzYGMXszsbKnI=
  
  "@types/koa-compose@*":
    version "3.2.5"
    resolved "https://registry.npmmirror.com/@types/koa-compose/download/@types/koa-compose-3.2.5.tgz#85eb2e80ac50be95f37ccf8c407c09bbe3468e9d"
    integrity sha1-hesugKxQvpXzfM+MQHwJu+NGjp0=
    dependencies:
      "@types/koa" "*"
  
  "@types/koa@*", "@types/koa@^2.11.3":
    version "2.13.4"
    resolved "https://registry.npmmirror.com/@types/koa/download/@types/koa-2.13.4.tgz#10620b3f24a8027ef5cbae88b393d1b31205726b"
    integrity sha512-dfHYMfU+z/vKtQB7NUrthdAEiSvnLebvBjwHtfFmpZmB7em2N3WVQdHgnFq+xvyVgxW5jKDmjWfLD3lw4g4uTw==
    dependencies:
      "@types/accepts" "*"
      "@types/content-disposition" "*"
      "@types/cookies" "*"
      "@types/http-assert" "*"
      "@types/http-errors" "*"
      "@types/keygrip" "*"
      "@types/koa-compose" "*"
      "@types/node" "*"
  
  "@types/lru-cache@^5.1.0":
    version "5.1.1"
    resolved "https://registry.npmmirror.com/@types/lru-cache/download/@types/lru-cache-5.1.1.tgz?cache=0&sync_timestamp=1637267944146&other_urls=https%3A%2F%2Fregistry.npmmirror.com%2F%40types%2Flru-cache%2Fdownload%2F%40types%2Flru-cache-5.1.1.tgz#c48c2e27b65d2a153b19bfc1a317e30872e01eef"
    integrity sha1-xIwuJ7ZdKhU7Gb/BoxfjCHLgHu8=
  
  "@types/mime@^1":
    version "1.3.2"
    resolved "https://registry.npmmirror.com/@types/mime/download/@types/mime-1.3.2.tgz?cache=0&other_urls=https%3A%2F%2Fregistry.npmmirror.com%2F%40types%2Fmime%2Fdownload%2F%40types%2Fmime-1.3.2.tgz#93e25bf9ee75fe0fd80b594bc4feb0e862111b5a"
    integrity sha1-k+Jb+e51/g/YC1lLxP6w6GIRG1o=
  
  "@types/node@*":
    version "17.0.8"
    resolved "https://registry.npmmirror.com/@types/node/download/@types/node-17.0.8.tgz#50d680c8a8a78fe30abe6906453b21ad8ab0ad7b"
    integrity sha512-YofkM6fGv4gDJq78g4j0mMuGMkZVxZDgtU0JRdx6FgiJDG+0fY0GKVolOV8WqVmEhLCXkQRjwDdKyPxJp/uucg==
  
  "@types/qs@*":
    version "6.9.7"
    resolved "https://registry.npmmirror.com/@types/qs/download/@types/qs-6.9.7.tgz#63bb7d067db107cc1e457c303bc25d511febf6cb"
    integrity sha1-Y7t9Bn2xB8weRXwwO8JdUR/r9ss=
  
  "@types/range-parser@*":
    version "1.2.4"
    resolved "https://registry.npmmirror.com/@types/range-parser/download/@types/range-parser-1.2.4.tgz?cache=0&sync_timestamp=1637268455466&other_urls=https%3A%2F%2Fregistry.npmmirror.com%2F%40types%2Frange-parser%2Fdownload%2F%40types%2Frange-parser-1.2.4.tgz#cd667bcfdd025213aafb7ca5915a932590acdcdc"
    integrity sha1-zWZ7z90CUhOq+3ylkVqTJZCs3Nw=
  
  "@types/resolve@1.17.1":
    version "1.17.1"
    resolved "https://registry.npmmirror.com/@types/resolve/download/@types/resolve-1.17.1.tgz?cache=0&sync_timestamp=1637269963703&other_urls=https%3A%2F%2Fregistry.npmmirror.com%2F%40types%2Fresolve%2Fdownload%2F%40types%2Fresolve-1.17.1.tgz#3afd6ad8967c77e4376c598a82ddd58f46ec45d6"
    integrity sha1-Ov1q2JZ8d+Q3bFmKgt3Vj0bsRdY=
    dependencies:
      "@types/node" "*"
  
  "@types/serve-static@*":
    version "1.13.10"
    resolved "https://registry.npmmirror.com/@types/serve-static/download/@types/serve-static-1.13.10.tgz#f5e0ce8797d2d7cc5ebeda48a52c96c4fa47a8d9"
    integrity sha1-9eDOh5fS18xevtpIpSyWxPpHqNk=
    dependencies:
      "@types/mime" "^1"
      "@types/node" "*"
  
  "@vue/compiler-core@3.2.20":
    version "3.2.20"
    resolved "https://registry.npmmirror.com/@vue/compiler-core/download/@vue/compiler-core-3.2.20.tgz#af5a3c5237818835b0d0be837eb5885a8d21c160"
    integrity sha1-r1o8UjeBiDWw0L6DfrWIWo0hwWA=
    dependencies:
      "@babel/parser" "^7.15.0"
      "@vue/shared" "3.2.20"
      estree-walker "^2.0.2"
      source-map "^0.6.1"
  
  "@vue/compiler-core@3.2.26":
    version "3.2.26"
    resolved "https://registry.npmmirror.com/@vue/compiler-core/download/@vue/compiler-core-3.2.26.tgz#9ab92ae624da51f7b6064f4679c2d4564f437cc8"
    integrity sha512-N5XNBobZbaASdzY9Lga2D9Lul5vdCIOXvUMd6ThcN8zgqQhPKfCV+wfAJNNJKQkSHudnYRO2gEB+lp0iN3g2Tw==
    dependencies:
      "@babel/parser" "^7.16.4"
      "@vue/shared" "3.2.26"
      estree-walker "^2.0.2"
      source-map "^0.6.1"
  
  "@vue/compiler-dom@3.2.20":
    version "3.2.20"
    resolved "https://registry.npmmirror.com/@vue/compiler-dom/download/@vue/compiler-dom-3.2.20.tgz#8e0ef354449c0faf41519b00bfc2045eae01dcb5"
    integrity sha1-jg7zVEScD69BUZsAv8IEXq4B3LU=
    dependencies:
      "@vue/compiler-core" "3.2.20"
      "@vue/shared" "3.2.20"
  
  "@vue/compiler-dom@3.2.26", "@vue/compiler-dom@^3.0.0-rc.1":
    version "3.2.26"
    resolved "https://registry.npmmirror.com/@vue/compiler-dom/download/@vue/compiler-dom-3.2.26.tgz#c7a7b55d50a7b7981dd44fc28211df1450482667"
    integrity sha512-smBfaOW6mQDxcT3p9TKT6mE22vjxjJL50GFVJiI0chXYGU/xzC05QRGrW3HHVuJrmLTLx5zBhsZ2dIATERbarg==
    dependencies:
      "@vue/compiler-core" "3.2.26"
      "@vue/shared" "3.2.26"
  
  "@vue/compiler-sfc@3.2.20":
    version "3.2.20"
    resolved "https://registry.npmmirror.com/@vue/compiler-sfc/download/@vue/compiler-sfc-3.2.20.tgz#2d7668e76f066c566dd7c09c15c9acce4e876e0a"
    integrity sha1-LXZo528GbFZt18CcFcmszk6Hbgo=
    dependencies:
      "@babel/parser" "^7.15.0"
      "@vue/compiler-core" "3.2.20"
      "@vue/compiler-dom" "3.2.20"
      "@vue/compiler-ssr" "3.2.20"
      "@vue/ref-transform" "3.2.20"
      "@vue/shared" "3.2.20"
      estree-walker "^2.0.2"
      magic-string "^0.25.7"
      postcss "^8.1.10"
      source-map "^0.6.1"
  
  "@vue/compiler-sfc@3.2.26", "@vue/compiler-sfc@^3.0.0-rc.1":
    version "3.2.26"
    resolved "https://registry.npmmirror.com/@vue/compiler-sfc/download/@vue/compiler-sfc-3.2.26.tgz#3ce76677e4aa58311655a3bea9eb1cb804d2273f"
    integrity sha512-ePpnfktV90UcLdsDQUh2JdiTuhV0Skv2iYXxfNMOK/F3Q+2BO0AulcVcfoksOpTJGmhhfosWfMyEaEf0UaWpIw==
    dependencies:
      "@babel/parser" "^7.16.4"
      "@vue/compiler-core" "3.2.26"
      "@vue/compiler-dom" "3.2.26"
      "@vue/compiler-ssr" "3.2.26"
      "@vue/reactivity-transform" "3.2.26"
      "@vue/shared" "3.2.26"
      estree-walker "^2.0.2"
      magic-string "^0.25.7"
      postcss "^8.1.10"
      source-map "^0.6.1"
  
  "@vue/compiler-ssr@3.2.20":
    version "3.2.20"
    resolved "https://registry.npmmirror.com/@vue/compiler-ssr/download/@vue/compiler-ssr-3.2.20.tgz#9cceb6261d9932cb5568202610c1c28f86c5e521"
    integrity sha1-nM62Jh2ZMstVaCAmEMHCj4bF5SE=
    dependencies:
      "@vue/compiler-dom" "3.2.20"
      "@vue/shared" "3.2.20"
  
  "@vue/compiler-ssr@3.2.26":
    version "3.2.26"
    resolved "https://registry.npmmirror.com/@vue/compiler-ssr/download/@vue/compiler-ssr-3.2.26.tgz#fd049523341fbf4ab5e88e25eef566d862894ba7"
    integrity sha512-2mywLX0ODc4Zn8qBoA2PDCsLEZfpUGZcyoFRLSOjyGGK6wDy2/5kyDOWtf0S0UvtoyVq95OTSGIALjZ4k2q/ag==
    dependencies:
      "@vue/compiler-dom" "3.2.26"
      "@vue/shared" "3.2.26"
  
  "@vue/reactivity-transform@3.2.26":
    version "3.2.26"
    resolved "https://registry.npmmirror.com/@vue/reactivity-transform/download/@vue/reactivity-transform-3.2.26.tgz#6d8f20a4aa2d19728f25de99962addbe7c4d03e9"
    integrity sha512-XKMyuCmzNA7nvFlYhdKwD78rcnmPb7q46uoR00zkX6yZrUmcCQ5OikiwUEVbvNhL5hBJuvbSO95jB5zkUon+eQ==
    dependencies:
      "@babel/parser" "^7.16.4"
      "@vue/compiler-core" "3.2.26"
      "@vue/shared" "3.2.26"
      estree-walker "^2.0.2"
      magic-string "^0.25.7"
  
  "@vue/reactivity@3.2.20":
    version "3.2.20"
    resolved "https://registry.npmmirror.com/@vue/reactivity/download/@vue/reactivity-3.2.20.tgz#81fe1c368e7f20bc0ec1dec1045bbee253582de8"
    integrity sha1-gf4cNo5/ILwOwd7BBFu+4lNYLeg=
    dependencies:
      "@vue/shared" "3.2.20"
  
  "@vue/reactivity@3.2.26":
    version "3.2.26"
    resolved "https://registry.npmmirror.com/@vue/reactivity/download/@vue/reactivity-3.2.26.tgz#d529191e581521c3c12e29ef986d4c8a933a0f83"
    integrity sha512-h38bxCZLW6oFJVDlCcAiUKFnXI8xP8d+eO0pcDxx+7dQfSPje2AO6M9S9QO6MrxQB7fGP0DH0dYQ8ksf6hrXKQ==
    dependencies:
      "@vue/shared" "3.2.26"
  
  "@vue/ref-transform@3.2.20":
    version "3.2.20"
    resolved "https://registry.npmmirror.com/@vue/ref-transform/download/@vue/ref-transform-3.2.20.tgz#2a59ec90caf8e5c7336776a0900bff0a8b81c090"
    integrity sha1-KlnskMr45cczZ3agkAv/CouBwJA=
    dependencies:
      "@babel/parser" "^7.15.0"
      "@vue/compiler-core" "3.2.20"
      "@vue/shared" "3.2.20"
      estree-walker "^2.0.2"
      magic-string "^0.25.7"
  
  "@vue/runtime-core@3.2.20":
    version "3.2.20"
    resolved "https://registry.npmmirror.com/@vue/runtime-core/download/@vue/runtime-core-3.2.20.tgz#8f63e956a3f88fb772541443c45a7701211012cb"
    integrity sha1-j2PpVqP4j7dyVBRDxFp3ASEQEss=
    dependencies:
      "@vue/reactivity" "3.2.20"
      "@vue/shared" "3.2.20"
  
  "@vue/runtime-core@3.2.26":
    version "3.2.26"
    resolved "https://registry.npmmirror.com/@vue/runtime-core/download/@vue/runtime-core-3.2.26.tgz#5c59cc440ed7a39b6dbd4c02e2d21c8d1988f0de"
    integrity sha512-BcYi7qZ9Nn+CJDJrHQ6Zsmxei2hDW0L6AB4vPvUQGBm2fZyC0GXd/4nVbyA2ubmuhctD5RbYY8L+5GUJszv9mQ==
    dependencies:
      "@vue/reactivity" "3.2.26"
      "@vue/shared" "3.2.26"
  
  "@vue/runtime-dom@3.2.20":
    version "3.2.20"
    resolved "https://registry.npmmirror.com/@vue/runtime-dom/download/@vue/runtime-dom-3.2.20.tgz#8aa56ae6c30f9cd4a71ca0e9ec3c4bdc67148d15"
    integrity sha1-iqVq5sMPnNSnHKDp7DxL3GcUjRU=
    dependencies:
      "@vue/runtime-core" "3.2.20"
      "@vue/shared" "3.2.20"
      csstype "^2.6.8"
  
  "@vue/runtime-dom@3.2.26":
    version "3.2.26"
    resolved "https://registry.npmmirror.com/@vue/runtime-dom/download/@vue/runtime-dom-3.2.26.tgz#84d3ae2584488747717c2e072d5d9112c0d2e6c2"
    integrity sha512-dY56UIiZI+gjc4e8JQBwAifljyexfVCkIAu/WX8snh8vSOt/gMSEGwPRcl2UpYpBYeyExV8WCbgvwWRNt9cHhQ==
    dependencies:
      "@vue/runtime-core" "3.2.26"
      "@vue/shared" "3.2.26"
      csstype "^2.6.8"
  
  "@vue/server-renderer@3.2.20":
    version "3.2.20"
    resolved "https://registry.npmmirror.com/@vue/server-renderer/download/@vue/server-renderer-3.2.20.tgz#705e07ae9425132b2b6227d308a51a13f4d4ec81"
    integrity sha1-cF4HrpQlEysrYifTCKUaE/TU7IE=
    dependencies:
      "@vue/compiler-ssr" "3.2.20"
      "@vue/shared" "3.2.20"
  
  "@vue/server-renderer@3.2.26":
    version "3.2.26"
    resolved "https://registry.npmmirror.com/@vue/server-renderer/download/@vue/server-renderer-3.2.26.tgz#f16a4b9fbcc917417b4cea70c99afce2701341cf"
    integrity sha512-Jp5SggDUvvUYSBIvYEhy76t4nr1vapY/FIFloWmQzn7UxqaHrrBpbxrqPcTrSgGrcaglj0VBp22BKJNre4aA1w==
    dependencies:
      "@vue/compiler-ssr" "3.2.26"
      "@vue/shared" "3.2.26"
  
  "@vue/shared@3.2.20":
    version "3.2.20"
    resolved "https://registry.npmmirror.com/@vue/shared/download/@vue/shared-3.2.20.tgz#53746961f731a8ea666e3316271e944238dc31db"
    integrity sha1-U3RpYfcxqOpmbjMWJx6UQjjcMds=
  
  "@vue/shared@3.2.26":
    version "3.2.26"
    resolved "https://registry.npmmirror.com/@vue/shared/download/@vue/shared-3.2.26.tgz#7acd1621783571b9a82eca1f041b4a0a983481d9"
    integrity sha512-vPV6Cq+NIWbH5pZu+V+2QHE9y1qfuTq49uNWw4f7FDEeZaDU2H2cx5jcUZOAKW7qTrUS4k6qZPbMy1x4N96nbA==
  
  accepts@^1.3.5:
    version "1.3.7"
    resolved "https://registry.npmmirror.com/accepts/download/accepts-1.3.7.tgz#531bc726517a3b2b41f850021c6cc15eaab507cd"
    integrity sha1-UxvHJlF6OytB+FACHGzBXqq1B80=
    dependencies:
      mime-types "~2.1.24"
      negotiator "0.6.2"
  
  ansi-regex@^5.0.1:
    version "5.0.1"
    resolved "https://registry.nlark.com/ansi-regex/download/ansi-regex-5.0.1.tgz#082cb2c89c9fe8659a311a53bd6a4dc5301db304"
    integrity sha1-CCyyyJyf6GWaMRpTvWpNxTAdswQ=
  
  ansi-styles@^3.2.1:
    version "3.2.1"
    resolved "https://registry.nlark.com/ansi-styles/download/ansi-styles-3.2.1.tgz#41fbb20243e50b12be0f04b8dedbf07520ce841d"
    integrity sha1-QfuyAkPlCxK+DwS43tvwdSDOhB0=
    dependencies:
      color-convert "^1.9.0"
  
  ansi-styles@^4.1.0:
    version "4.3.0"
    resolved "https://registry.nlark.com/ansi-styles/download/ansi-styles-4.3.0.tgz#edd803628ae71c04c85ae7a0906edad34b648937"
    integrity sha1-7dgDYornHATIWuegkG7a00tkiTc=
    dependencies:
      color-convert "^2.0.1"
  
  any-promise@^1.0.0:
    version "1.3.0"
    resolved "https://registry.npm.taobao.org/any-promise/download/any-promise-1.3.0.tgz?cache=0&sync_timestamp=1589682733115&other_urls=https%3A%2F%2Fregistry.npm.taobao.org%2Fany-promise%2Fdownload%2Fany-promise-1.3.0.tgz#abc6afeedcea52e809cdc0376aed3ce39635d17f"
    integrity sha1-q8av7tzqUugJzcA3au0845Y10X8=
  
  anymatch@~3.1.2:
    version "3.1.2"
    resolved "https://registry.nlark.com/anymatch/download/anymatch-3.1.2.tgz#c0557c096af32f106198f4f4e2a383537e378716"
    integrity sha1-wFV8CWrzLxBhmPT04qODU343hxY=
    dependencies:
      normalize-path "^3.0.0"
      picomatch "^2.0.4"
  
  argparse@^1.0.7:
    version "1.0.10"
    resolved "https://registry.npm.taobao.org/argparse/download/argparse-1.0.10.tgz#bcd6791ea5ae09725e17e5ad988134cd40b3d911"
    integrity sha1-vNZ5HqWuCXJeF+WtmIE0zUCz2RE=
    dependencies:
      sprintf-js "~1.0.2"
  
  array-union@^2.1.0:
    version "2.1.0"
    resolved "https://registry.npmmirror.com/array-union/download/array-union-2.1.0.tgz#b798420adbeb1de828d84acd8a2e23d3efe85e8d"
    integrity sha1-t5hCCtvrHego2ErNii4j0+/oXo0=
  
  at-least-node@^1.0.0:
    version "1.0.0"
    resolved "https://registry.npm.taobao.org/at-least-node/download/at-least-node-1.0.0.tgz#602cd4b46e844ad4effc92a8011a3c46e0238dc2"
    integrity sha1-YCzUtG6EStTv/JKoARo8RuAjjcI=
  
  balanced-match@^1.0.0:
    version "1.0.2"
    resolved "https://registry.nlark.com/balanced-match/download/balanced-match-1.0.2.tgz#e83e3a7e3f300b34cb9d87f615fa0cbf357690ee"
    integrity sha1-6D46fj8wCzTLnYf2FfoMvzV2kO4=
  
  binary-extensions@^2.0.0:
    version "2.2.0"
    resolved "https://registry.nlark.com/binary-extensions/download/binary-extensions-2.2.0.tgz#75f502eeaf9ffde42fc98829645be4ea76bd9e2d"
    integrity sha1-dfUC7q+f/eQvyYgpZFvk6na9ni0=
  
  brace-expansion@^1.1.7:
    version "1.1.11"
    resolved "https://registry.npm.taobao.org/brace-expansion/download/brace-expansion-1.1.11.tgz?cache=0&sync_timestamp=1614010713935&other_urls=https%3A%2F%2Fregistry.npm.taobao.org%2Fbrace-expansion%2Fdownload%2Fbrace-expansion-1.1.11.tgz#3c7fcbf529d87226f3d2f52b966ff5271eb441dd"
    integrity sha1-PH/L9SnYcibz0vUrlm/1Jx60Qd0=
    dependencies:
      balanced-match "^1.0.0"
      concat-map "0.0.1"
  
  braces@^3.0.1, braces@~3.0.2:
    version "3.0.2"
    resolved "https://registry.nlark.com/braces/download/braces-3.0.2.tgz#3454e1a462ee8d599e236df336cd9ea4f8afe107"
    integrity sha1-NFThpGLujVmeI23zNs2epPiv4Qc=
    dependencies:
      fill-range "^7.0.1"
  
  brotli-size@^4.0.0:
    version "4.0.0"
    resolved "https://registry.nlark.com/brotli-size/download/brotli-size-4.0.0.tgz#a05ee3faad3c0e700a2f2da826ba6b4d76e69e5e"
    integrity sha1-oF7j+q08DnAKLy2oJrprTXbmnl4=
    dependencies:
      duplexer "0.1.1"
  
  buffer-from@^1.0.0:
    version "1.1.2"
    resolved "https://registry.nlark.com/buffer-from/download/buffer-from-1.1.2.tgz?cache=0&sync_timestamp=1627578710888&other_urls=https%3A%2F%2Fregistry.nlark.com%2Fbuffer-from%2Fdownload%2Fbuffer-from-1.1.2.tgz#2b146a6fd72e80b4f55d255f35ed59a3a9a41bd5"
    integrity sha1-KxRqb9cugLT1XSVfNe1Zo6mkG9U=
  
  builtin-modules@^1.1.1:
    version "1.1.1"
    resolved "https://registry.npmmirror.com/builtin-modules/download/builtin-modules-1.1.1.tgz#270f076c5a72c02f5b65a47df94c5fe3a278892f"
    integrity sha1-Jw8HbFpywC9bZaR9+Uxf46J4iS8=
  
  builtin-modules@^3.1.0:
    version "3.2.0"
    resolved "https://registry.npmmirror.com/builtin-modules/download/builtin-modules-3.2.0.tgz#45d5db99e7ee5e6bc4f362e008bf917ab5049887"
    integrity sha1-RdXbmefuXmvE82LgCL+RerUEmIc=
  
  cache-content-type@^1.0.0:
    version "1.0.1"
    resolved "https://registry.nlark.com/cache-content-type/download/cache-content-type-1.0.1.tgz#035cde2b08ee2129f4a8315ea8f00a00dba1453c"
    integrity sha1-A1zeKwjuISn0qDFeqPAKANuhRTw=
    dependencies:
      mime-types "^2.1.18"
      ylru "^1.2.0"
  
  caller-callsite@^2.0.0:
    version "2.0.0"
    resolved "https://registry.npmmirror.com/caller-callsite/download/caller-callsite-2.0.0.tgz?cache=0&sync_timestamp=1633617041481&other_urls=https%3A%2F%2Fregistry.npmmirror.com%2Fcaller-callsite%2Fdownload%2Fcaller-callsite-2.0.0.tgz#847e0fce0a223750a9a027c54b33731ad3154134"
    integrity sha1-hH4PzgoiN1CpoCfFSzNzGtMVQTQ=
    dependencies:
      callsites "^2.0.0"
  
  caller-path@^2.0.0:
    version "2.0.0"
    resolved "https://registry.npmmirror.com/caller-path/download/caller-path-2.0.0.tgz?cache=0&sync_timestamp=1633674209796&other_urls=https%3A%2F%2Fregistry.npmmirror.com%2Fcaller-path%2Fdownload%2Fcaller-path-2.0.0.tgz#468f83044e369ab2010fac5f06ceee15bb2cb1f4"
    integrity sha1-Ro+DBE42mrIBD6xfBs7uFbsssfQ=
    dependencies:
      caller-callsite "^2.0.0"
  
  callsites@^2.0.0:
    version "2.0.0"
    resolved "https://registry.nlark.com/callsites/download/callsites-2.0.0.tgz#06eb84f00eea413da86affefacbffb36093b3c50"
    integrity sha1-BuuE8A7qQT2oav/vrL/7Ngk7PFA=
  
  chalk@^2.0.0, chalk@^2.4.2:
    version "2.4.2"
    resolved "https://registry.npmmirror.com/chalk/download/chalk-2.4.2.tgz#cd42541677a54333cf541a49108c1432b44c9424"
    integrity sha1-zUJUFnelQzPPVBpJEIwUMrRMlCQ=
    dependencies:
      ansi-styles "^3.2.1"
      escape-string-regexp "^1.0.5"
      supports-color "^5.3.0"
  
  chalk@^3.0.0:
    version "3.0.0"
    resolved "https://registry.npmmirror.com/chalk/download/chalk-3.0.0.tgz#3f73c2bf526591f574cc492c51e2456349f844e4"
    integrity sha1-P3PCv1JlkfV0zEksUeJFY0n4ROQ=
    dependencies:
      ansi-styles "^4.1.0"
      supports-color "^7.1.0"
  
  chalk@^4.0.0:
    version "4.1.2"
    resolved "https://registry.npmmirror.com/chalk/download/chalk-4.1.2.tgz#aac4e2b7734a740867aeb16bf02aad556a1e7a01"
    integrity sha1-qsTit3NKdAhnrrFr8CqtVWoeegE=
    dependencies:
      ansi-styles "^4.1.0"
      supports-color "^7.1.0"
  
  "chokidar@>=2.0.0 <4.0.0", chokidar@^3.3.1:
    version "3.5.2"
    resolved "https://registry.npmmirror.com/chokidar/download/chokidar-3.5.2.tgz#dba3976fcadb016f66fd365021d91600d01c1e75"
    integrity sha512-ekGhOnNVPgT77r4K/U3GDhu+FQ2S8TnK/s2KbIGXi0SZWuwkZ2QNyfWdZW+TVfn84DpEP7rLeCt2UI6bJ8GwbQ==
    dependencies:
      anymatch "~3.1.2"
      braces "~3.0.2"
      glob-parent "~5.1.2"
      is-binary-path "~2.1.0"
      is-glob "~4.0.1"
      normalize-path "~3.0.0"
      readdirp "~3.6.0"
    optionalDependencies:
      fsevents "~2.3.2"
  
  clean-css@^4.2.3:
    version "4.2.4"
    resolved "https://registry.npmmirror.com/clean-css/download/clean-css-4.2.4.tgz?cache=0&sync_timestamp=1634992462165&other_urls=https%3A%2F%2Fregistry.npmmirror.com%2Fclean-css%2Fdownload%2Fclean-css-4.2.4.tgz#733bf46eba4e607c6891ea57c24a989356831178"
    integrity sha1-czv0brpOYHxokepXwkqYk1aDEXg=
    dependencies:
      source-map "~0.6.0"
  
  cli-cursor@^3.1.0:
    version "3.1.0"
    resolved "https://registry.nlark.com/cli-cursor/download/cli-cursor-3.1.0.tgz?cache=0&sync_timestamp=1629747358529&other_urls=https%3A%2F%2Fregistry.nlark.com%2Fcli-cursor%2Fdownload%2Fcli-cursor-3.1.0.tgz#264305a7ae490d1d03bf0c9ba7c925d1753af307"
    integrity sha1-JkMFp65JDR0Dvwybp8kl0XU68wc=
    dependencies:
      restore-cursor "^3.1.0"
  
  cli-spinners@^2.2.0:
    version "2.6.1"
    resolved "https://registry.npmmirror.com/cli-spinners/download/cli-spinners-2.6.1.tgz?cache=0&sync_timestamp=1633109609172&other_urls=https%3A%2F%2Fregistry.npmmirror.com%2Fcli-spinners%2Fdownload%2Fcli-spinners-2.6.1.tgz#adc954ebe281c37a6319bfa401e6dd2488ffb70d"
    integrity sha1-rclU6+KBw3pjGb+kAebdJIj/tw0=
  
  clipboard@^2.0.0:
    version "2.0.8"
    resolved "https://registry.npmmirror.com/clipboard/download/clipboard-2.0.8.tgz#ffc6c103dd2967a83005f3f61976aa4655a4cdba"
    integrity sha512-Y6WO0unAIQp5bLmk1zdThRhgJt/x3ks6f30s3oE3H1mgIEU33XyQjEf8gsf6DxC7NPX8Y1SsNWjUjL/ywLnnbQ==
    dependencies:
      good-listener "^1.2.2"
      select "^1.1.2"
      tiny-emitter "^2.0.0"
  
  clone@^1.0.2:
    version "1.0.4"
    resolved "https://registry.npmmirror.com/clone/download/clone-1.0.4.tgz#da309cc263df15994c688ca902179ca3c7cd7c7e"
    integrity sha1-2jCcwmPfFZlMaIypAheco8fNfH4=
  
  co@^4.6.0:
    version "4.6.0"
    resolved "https://registry.nlark.com/co/download/co-4.6.0.tgz#6ea6bdf3d853ae54ccb8e47bfa0bf3f9031fb184"
    integrity sha1-bqa989hTrlTMuOR7+gvz+QMfsYQ=
  
  color-convert@^1.9.0:
    version "1.9.3"
    resolved "https://registry.npmmirror.com/color-convert/download/color-convert-1.9.3.tgz#bb71850690e1f136567de629d2d5471deda4c1e8"
    integrity sha1-u3GFBpDh8TZWfeYp0tVHHe2kweg=
    dependencies:
      color-name "1.1.3"
  
  color-convert@^2.0.1:
    version "2.0.1"
    resolved "https://registry.npmmirror.com/color-convert/download/color-convert-2.0.1.tgz#72d3a68d598c9bdb3af2ad1e84f21d896abd4de3"
    integrity sha1-ctOmjVmMm9s68q0ehPIdiWq9TeM=
    dependencies:
      color-name "~1.1.4"
  
  color-name@1.1.3:
    version "1.1.3"
    resolved "https://registry.npmmirror.com/color-name/download/color-name-1.1.3.tgz#a7d0558bd89c42f795dd42328f740831ca53bc25"
    integrity sha1-p9BVi9icQveV3UIyj3QIMcpTvCU=
  
  color-name@~1.1.4:
    version "1.1.4"
    resolved "https://registry.npmmirror.com/color-name/download/color-name-1.1.4.tgz#c2a09a87acbde69543de6f63fa3995c826c536a2"
    integrity sha1-wqCah6y95pVD3m9j+jmVyCbFNqI=
  
  commander@^2.20.0:
    version "2.20.3"
    resolved "https://registry.npmmirror.com/commander/download/commander-2.20.3.tgz#fd485e84c03eb4881c20722ba48035e8531aeb33"
    integrity sha512-GpVkmM8vF2vQUkj2LvZmD35JxeJOLCwJ9cUkugyk2nuhbv3+mJvpLYYt+0+USMxE+oj+ey/lJEnhZw75x/OMcQ==
  
  commondir@^1.0.1:
    version "1.0.1"
    resolved "https://registry.npm.taobao.org/commondir/download/commondir-1.0.1.tgz#ddd800da0c66127393cca5950ea968a3aaf1253b"
    integrity sha1-3dgA2gxmEnOTzKWVDqloo6rxJTs=
  
  concat-map@0.0.1:
    version "0.0.1"
    resolved "https://registry.npmmirror.com/concat-map/download/concat-map-0.0.1.tgz#d8a96bd77fd68df7793a73036a3ba0d5405d477b"
    integrity sha1-2Klr13/Wjfd5OnMDajug1UBdR3s=
  
  content-disposition@~0.5.2:
    version "0.5.4"
    resolved "https://registry.npmmirror.com/content-disposition/download/content-disposition-0.5.4.tgz#8b82b4efac82512a02bb0b1dcec9d2c5e8eb5bfe"
    integrity sha512-FveZTNuGw04cxlAiWbzi6zTAL/lhehaWbTtgluJh4/E95DqMwTmha3KZN1aAWA8cFIhHzMZUvLevkw5Rqk+tSQ==
    dependencies:
      safe-buffer "5.2.1"
  
  content-type@^1.0.4:
    version "1.0.4"
    resolved "https://registry.nlark.com/content-type/download/content-type-1.0.4.tgz#e138cc75e040c727b1966fe5e5f8c9aee256fe3b"
    integrity sha1-4TjMdeBAxyexlm/l5fjJruJW/js=
  
  cookies@~0.8.0:
    version "0.8.0"
    resolved "https://registry.npmmirror.com/cookies/download/cookies-0.8.0.tgz#1293ce4b391740a8406e3c9870e828c4b54f3f90"
    integrity sha512-8aPsApQfebXnuI+537McwYsDtjVxGm8gTIzQI3FDW6t5t/DAhERxtnbEPN/8RX+uZthoz4eCOgloXaE5cYyNow==
    dependencies:
      depd "~2.0.0"
      keygrip "~1.1.0"
  
  cosmiconfig@^5.0.0:
    version "5.2.1"
    resolved "https://registry.nlark.com/cosmiconfig/download/cosmiconfig-5.2.1.tgz?cache=0&sync_timestamp=1629586119976&other_urls=https%3A%2F%2Fregistry.nlark.com%2Fcosmiconfig%2Fdownload%2Fcosmiconfig-5.2.1.tgz#040f726809c591e77a17c0a3626ca45b4f168b1a"
    integrity sha1-BA9yaAnFked6F8CjYmykW08Wixo=
    dependencies:
      import-fresh "^2.0.0"
      is-directory "^0.3.1"
      js-yaml "^3.13.1"
      parse-json "^4.0.0"
  
  cross-spawn@^7.0.0:
    version "7.0.3"
    resolved "https://registry.npmmirror.com/cross-spawn/download/cross-spawn-7.0.3.tgz#f73a85b9d5d41d045551c177e2882d4ac85728a6"
    integrity sha1-9zqFudXUHQRVUcF34ogtSshXKKY=
    dependencies:
      path-key "^3.1.0"
      shebang-command "^2.0.0"
      which "^2.0.1"
  
  csstype@^2.6.8:
    version "2.6.19"
    resolved "https://registry.npmmirror.com/csstype/download/csstype-2.6.19.tgz?cache=0&other_urls=https%3A%2F%2Fregistry.npmmirror.com%2Fcsstype%2Fdownload%2Fcsstype-2.6.19.tgz#feeb5aae89020bb389e1f63669a5ed490e391caa"
    integrity sha512-ZVxXaNy28/k3kJg0Fou5MiYpp88j7H9hLZp8PDC3jV0WFjfH5E9xHb56L0W59cPbKbcHXeP4qyT8PrHp8t6LcQ==
  
  debug@^3.1.0:
    version "3.2.7"
    resolved "https://registry.npmmirror.com/debug/download/debug-3.2.7.tgz#72580b7e9145fb39b6676f9c5e5fb100b934179a"
    integrity sha512-CFjzYYAi4ThfiQvizrFQevTTXHtnCqWfe7x1AhgEscTz6ZbLbfoLRLPugTQyBth6f8ZERVUSyWHFD/7Wu4t1XQ==
    dependencies:
      ms "^2.1.1"
  
  debug@^4.1.1, debug@^4.3.2:
    version "4.3.3"
    resolved "https://registry.npmmirror.com/debug/download/debug-4.3.3.tgz#04266e0b70a98d4462e6e288e38259213332b664"
    integrity sha512-/zxw5+vh1Tfv+4Qn7a5nsbcJKPaSvCDhojn6FEl9vupwK2VCSDtEiEtqr8DFtzYFOdz63LBkxec7DYuc2jon6Q==
    dependencies:
      ms "2.1.2"
  
  deep-equal@~1.0.1:
    version "1.0.1"
    resolved "https://registry.nlark.com/deep-equal/download/deep-equal-1.0.1.tgz#f5d260292b660e084eff4cdbc9f08ad3247448b5"
    integrity sha1-9dJgKStmDghO/0zbyfCK0yR0SLU=
  
  deep-freeze@^0.0.1:
    version "0.0.1"
    resolved "https://registry.npm.taobao.org/deep-freeze/download/deep-freeze-0.0.1.tgz#3a0b0005de18672819dfd38cd31f91179c893e84"
    integrity sha1-OgsABd4YZygZ39OM0x+RF5yJPoQ=
  
  deepmerge@^4.2.2:
    version "4.2.2"
    resolved "https://registry.nlark.com/deepmerge/download/deepmerge-4.2.2.tgz?cache=0&sync_timestamp=1622025358084&other_urls=https%3A%2F%2Fregistry.nlark.com%2Fdeepmerge%2Fdownload%2Fdeepmerge-4.2.2.tgz#44d2ea3679b8f4d4ffba33f03d865fc1e7bf4955"
    integrity sha1-RNLqNnm49NT/ujPwPYZfwee/SVU=
  
  defaults@^1.0.3:
    version "1.0.3"
    resolved "https://registry.npmmirror.com/defaults/download/defaults-1.0.3.tgz#c656051e9817d9ff08ed881477f3fe4019f3ef7d"
    integrity sha1-xlYFHpgX2f8I7YgUd/P+QBnz730=
    dependencies:
      clone "^1.0.2"
  
  delegate@^3.1.2:
    version "3.2.0"
    resolved "https://registry.npm.taobao.org/delegate/download/delegate-3.2.0.tgz#b66b71c3158522e8ab5744f720d8ca0c2af59166"
    integrity sha1-tmtxwxWFIuirV0T3INjKDCr1kWY=
  
  delegates@^1.0.0:
    version "1.0.0"
    resolved "https://registry.nlark.com/delegates/download/delegates-1.0.0.tgz#84c6e159b81904fdca59a0ef44cd870d31250f9a"
    integrity sha1-hMbhWbgZBP3KWaDvRM2HDTElD5o=
  
  depd@^2.0.0, depd@~2.0.0:
    version "2.0.0"
    resolved "https://registry.npm.taobao.org/depd/download/depd-2.0.0.tgz#b696163cc757560d09cf22cc8fad1571b79e76df"
    integrity sha1-tpYWPMdXVg0JzyLMj60Vcbeedt8=
  
  depd@~1.1.2:
    version "1.1.2"
    resolved "https://registry.npm.taobao.org/depd/download/depd-1.1.2.tgz#9bcd52e14c097763e749b274c4346ed2e560b5a9"
    integrity sha1-m81S4UwJd2PnSbJ0xDRu0uVgtak=
  
  destroy@^1.0.4:
    version "1.0.4"
    resolved "https://registry.npm.taobao.org/destroy/download/destroy-1.0.4.tgz#978857442c44749e4206613e37946205826abd80"
    integrity sha1-l4hXRCxEdJ5CBmE+N5RiBYJqvYA=
  
  dir-glob@^3.0.1:
    version "3.0.1"
    resolved "https://registry.nlark.com/dir-glob/download/dir-glob-3.0.1.tgz#56dbf73d992a4a93ba1584f4534063fd2e41717f"
    integrity sha1-Vtv3PZkqSpO6FYT0U0Bj/S5BcX8=
    dependencies:
      path-type "^4.0.0"
  
  dotenv-expand@^5.1.0:
    version "5.1.0"
    resolved "https://registry.nlark.com/dotenv-expand/download/dotenv-expand-5.1.0.tgz?cache=0&sync_timestamp=1618847017659&other_urls=https%3A%2F%2Fregistry.nlark.com%2Fdotenv-expand%2Fdownload%2Fdotenv-expand-5.1.0.tgz#3fbaf020bfd794884072ea26b1e9791d45a629f0"
    integrity sha1-P7rwIL/XlIhAcuomsel5HUWmKfA=
  
  dotenv@^8.2.0:
    version "8.6.0"
    resolved "https://registry.nlark.com/dotenv/download/dotenv-8.6.0.tgz?cache=0&sync_timestamp=1621633079842&other_urls=https%3A%2F%2Fregistry.nlark.com%2Fdotenv%2Fdownload%2Fdotenv-8.6.0.tgz#061af664d19f7f4d8fc6e4ff9b584ce237adcb8b"
    integrity sha1-Bhr2ZNGff02PxuT/m1hM4jety4s=
  
  duplexer@0.1.1:
    version "0.1.1"
    resolved "https://registry.npm.taobao.org/duplexer/download/duplexer-0.1.1.tgz#ace6ff808c1ce66b57d1ebf97977acb02334cfc1"
    integrity sha1-rOb/gIwc5mtX0ev5eXessCM0z8E=
  
  ee-first@1.1.1:
    version "1.1.1"
    resolved "https://registry.npmmirror.com/ee-first/download/ee-first-1.1.1.tgz#590c61156b0ae2f4f0255732a158b266bc56b21d"
    integrity sha1-WQxhFWsK4vTwJVcyoViyZrxWsh0=
  
  encodeurl@^1.0.2:
    version "1.0.2"
    resolved "https://registry.nlark.com/encodeurl/download/encodeurl-1.0.2.tgz#ad3ff4c86ec2d029322f5a02c3a9a606c95b3f59"
    integrity sha1-rT/0yG7C0CkyL1oCw6mmBslbP1k=
  
  end-of-stream@^1.1.0:
    version "1.4.4"
    resolved "https://registry.npm.taobao.org/end-of-stream/download/end-of-stream-1.4.4.tgz#5ae64a5f45057baf3626ec14da0ca5e4b2431eb0"
    integrity sha1-WuZKX0UFe682JuwU2gyl5LJDHrA=
    dependencies:
      once "^1.4.0"
  
  error-ex@^1.3.1:
    version "1.3.2"
    resolved "https://registry.nlark.com/error-ex/download/error-ex-1.3.2.tgz#b4ac40648107fdcdcfae242f428bea8a14d4f1bf"
    integrity sha1-tKxAZIEH/c3PriQvQovqihTU8b8=
    dependencies:
      is-arrayish "^0.2.1"
  
  es-module-lexer@^0.3.18:
    version "0.3.26"
    resolved "https://registry.npmmirror.com/es-module-lexer/download/es-module-lexer-0.3.26.tgz?cache=0&sync_timestamp=1633645560577&other_urls=https%3A%2F%2Fregistry.npmmirror.com%2Fes-module-lexer%2Fdownload%2Fes-module-lexer-0.3.26.tgz#7b507044e97d5b03b01d4392c74ffeb9c177a83b"
    integrity sha1-e1BwROl9WwOwHUOSx0/+ucF3qDs=
  
  esbuild-android-arm64@0.13.4:
    version "0.13.4"
    resolved "https://registry.npmmirror.com/esbuild-android-arm64/download/esbuild-android-arm64-0.13.4.tgz#5178a20d2b7aba741a31c19609f9e67b346996b9"
    integrity sha1-UXiiDSt6unQaMcGWCfnmezRplrk=
  
  esbuild-darwin-64@0.13.4:
    version "0.13.4"
    resolved "https://registry.npmmirror.com/esbuild-darwin-64/download/esbuild-darwin-64-0.13.4.tgz#7a3e66c8e1271b650541b25eed65c84f3564a69d"
    integrity sha1-ej5myOEnG2UFQbJe7WXITzVkpp0=
  
  esbuild-darwin-arm64@0.13.4:
    version "0.13.4"
    resolved "https://registry.npmmirror.com/esbuild-darwin-arm64/download/esbuild-darwin-arm64-0.13.4.tgz#793feca6032b2a57ef291eb9b2d33768d60a49d6"
    integrity sha1-eT/spgMrKlfvKR65stM3aNYKSdY=
  
  esbuild-freebsd-64@0.13.4:
    version "0.13.4"
    resolved "https://registry.npmmirror.com/esbuild-freebsd-64/download/esbuild-freebsd-64-0.13.4.tgz#294aec3c2cf4b41fb6900212fc9c33dd8fbbb4a2"
    integrity sha1-KUrsPCz0tB+2kAIS/Jwz3Y+7tKI=
  
  esbuild-freebsd-arm64@0.13.4:
    version "0.13.4"
    resolved "https://registry.npmmirror.com/esbuild-freebsd-arm64/download/esbuild-freebsd-arm64-0.13.4.tgz#09fe66c751c12f9b976976b1d83f3de594cb2787"
    integrity sha1-Cf5mx1HBL5uXaXax2D895ZTLJ4c=
  
  esbuild-linux-32@0.13.4:
    version "0.13.4"
    resolved "https://registry.npmmirror.com/esbuild-linux-32/download/esbuild-linux-32-0.13.4.tgz#a9f0793d7bcc9cef4f4ffa4398c525877fba5839"
    integrity sha1-qfB5PXvMnO9PT/pDmMUlh3+6WDk=
  
  esbuild-linux-64@0.13.4:
    version "0.13.4"
    resolved "https://registry.npmmirror.com/esbuild-linux-64/download/esbuild-linux-64-0.13.4.tgz#c0d0b4c9d62e3bbf8bdf2cece37403aa6d60fc2e"
    integrity sha1-wNC0ydYuO7+L3yzs43QDqm1g/C4=
  
  esbuild-linux-arm64@0.13.4:
    version "0.13.4"
    resolved "https://registry.npmmirror.com/esbuild-linux-arm64/download/esbuild-linux-arm64-0.13.4.tgz#1292d97bfa64a08d12728f8a7837bf92776c779b"
    integrity sha1-EpLZe/pkoI0Sco+KeDe/kndsd5s=
  
  esbuild-linux-arm@0.13.4:
    version "0.13.4"
    resolved "https://registry.npmmirror.com/esbuild-linux-arm/download/esbuild-linux-arm-0.13.4.tgz#186cd9b8885ac132b9953a4a0afe668168debd10"
    integrity sha1-GGzZuIhawTK5lTpKCv5mgWjevRA=
  
  esbuild-linux-mips64le@0.13.4:
    version "0.13.4"
    resolved "https://registry.npmmirror.com/esbuild-linux-mips64le/download/esbuild-linux-mips64le-0.13.4.tgz#42049bf72bc586817b4a51cc9e32148d13e5e807"
    integrity sha1-QgSb9yvFhoF7SlHMnjIUjRPl6Ac=
  
  esbuild-linux-ppc64le@0.13.4:
    version "0.13.4"
    resolved "https://registry.npmmirror.com/esbuild-linux-ppc64le/download/esbuild-linux-ppc64le-0.13.4.tgz#adf1ce2ef2302757c4383887da6ac4dd25be9d4f"
    integrity sha1-rfHOLvIwJ1fEODiH2mrE3SW+nU8=
  
  esbuild-openbsd-64@0.13.4:
    version "0.13.4"
    resolved "https://registry.npmmirror.com/esbuild-openbsd-64/download/esbuild-openbsd-64-0.13.4.tgz#1c8122101898c52a20c8786935cf3eb7a19b83b4"
    integrity sha1-HIEiEBiYxSogyHhpNc8+t6Gbg7Q=
  
  esbuild-sunos-64@0.13.4:
    version "0.13.4"
    resolved "https://registry.npmmirror.com/esbuild-sunos-64/download/esbuild-sunos-64-0.13.4.tgz#4ec95faa14a60f295fe485bebffefff408739337"
    integrity sha1-TslfqhSmDylf5IW+v/7/9Ahzkzc=
  
  esbuild-windows-32@0.13.4:
    version "0.13.4"
    resolved "https://registry.npmmirror.com/esbuild-windows-32/download/esbuild-windows-32-0.13.4.tgz#3182c380487b797b04d0ec2c80c2945666869080"
    integrity sha1-MYLDgEh7eXsE0OwsgMKUVmaGkIA=
  
  esbuild-windows-64@0.13.4:
    version "0.13.4"
    resolved "https://registry.npmmirror.com/esbuild-windows-64/download/esbuild-windows-64-0.13.4.tgz#b9e995f92d81f433a04f33611e603e82f9232e69"
    integrity sha1-uemV+S2B9DOgTzNhHmA+gvkjLmk=
  
  esbuild-windows-arm64@0.13.4:
    version "0.13.4"
    resolved "https://registry.npmmirror.com/esbuild-windows-arm64/download/esbuild-windows-arm64-0.13.4.tgz#fb239532f07b764d158f4cc787178ef4c6fadb5c"
    integrity sha1-+yOVMvB7dk0Vj0zHhxeO9Mb621w=
  
  esbuild@0.13.4:
    version "0.13.4"
    resolved "https://registry.npmmirror.com/esbuild/download/esbuild-0.13.4.tgz#ce2deb56c4fb360938311cbfc67f8e467bb6841b"
    integrity sha512-wMA5eUwpavTBiNl+It6j8OQuKVh69l6z4DKDLzoTIqC+gChnPpcmqdA8WNHptUHRnfyML+mKEQPlW7Mybj8gHg==
    optionalDependencies:
      esbuild-android-arm64 "0.13.4"
      esbuild-darwin-64 "0.13.4"
      esbuild-darwin-arm64 "0.13.4"
      esbuild-freebsd-64 "0.13.4"
      esbuild-freebsd-arm64 "0.13.4"
      esbuild-linux-32 "0.13.4"
      esbuild-linux-64 "0.13.4"
      esbuild-linux-arm "0.13.4"
      esbuild-linux-arm64 "0.13.4"
      esbuild-linux-mips64le "0.13.4"
      esbuild-linux-ppc64le "0.13.4"
      esbuild-openbsd-64 "0.13.4"
      esbuild-sunos-64 "0.13.4"
      esbuild-windows-32 "0.13.4"
      esbuild-windows-64 "0.13.4"
      esbuild-windows-arm64 "0.13.4"
  
  esbuild@^0.6.3:
    version "0.6.34"
    resolved "https://registry.npmmirror.com/esbuild/download/esbuild-0.6.34.tgz#76565a60e006f45d5f273b6e59e61ed0816551f5"
    integrity sha512-InRdL/Q96pUucPqovJzvuLhquZr6jOn81FDVwFjCKz1rYKIm9OdOC+7Fs4vr6x48vKBl5LzKgtjU39BUpO636A==
  
  escape-html@^1.0.3:
    version "1.0.3"
    resolved "https://registry.nlark.com/escape-html/download/escape-html-1.0.3.tgz#0258eae4d3d0c0974de1c169188ef0051d1d1988"
    integrity sha1-Aljq5NPQwJdN4cFpGI7wBR0dGYg=
  
  escape-string-regexp@^1.0.5:
    version "1.0.5"
    resolved "https://registry.nlark.com/escape-string-regexp/download/escape-string-regexp-1.0.5.tgz#1b61c0562190a8dff6ae3bb2cf0200ca130b86d4"
    integrity sha1-G2HAViGQqN/2rjuyzwIAyhMLhtQ=
  
  esprima@^4.0.0:
    version "4.0.1"
    resolved "https://registry.nlark.com/esprima/download/esprima-4.0.1.tgz#13b04cdb3e6c5d19df91ab6987a8695619b0aa71"
    integrity sha1-E7BM2z5sXRnfkatph6hpVhmwqnE=
  
  estree-walker@^0.6.1:
    version "0.6.1"
    resolved "https://registry.npmmirror.com/estree-walker/download/estree-walker-0.6.1.tgz#53049143f40c6eb918b23671d1fe3219f3a1b362"
    integrity sha1-UwSRQ/QMbrkYsjZx0f4yGfOhs2I=
  
  estree-walker@^1.0.1:
    version "1.0.1"
    resolved "https://registry.npmmirror.com/estree-walker/download/estree-walker-1.0.1.tgz#31bc5d612c96b704106b477e6dd5d8aa138cb700"
    integrity sha1-MbxdYSyWtwQQa0d+bdXYqhOMtwA=
  
  estree-walker@^2.0.1, estree-walker@^2.0.2:
    version "2.0.2"
    resolved "https://registry.npmmirror.com/estree-walker/download/estree-walker-2.0.2.tgz#52f010178c2a4c117a7757cfe942adb7d2da4cac"
    integrity sha1-UvAQF4wqTBF6d1fP6UKtt9LaTKw=
  
  etag@^1.3.0, etag@^1.8.1:
    version "1.8.1"
    resolved "https://registry.nlark.com/etag/download/etag-1.8.1.tgz?cache=0&sync_timestamp=1618847044821&other_urls=https%3A%2F%2Fregistry.nlark.com%2Fetag%2Fdownload%2Fetag-1.8.1.tgz#41ae2eeb65efa62268aebfea83ac7d79299b0887"
    integrity sha1-Qa4u62XvpiJorr/qg6x9eSmbCIc=
  
  eventemitter3@^4.0.0:
    version "4.0.7"
    resolved "https://registry.npm.taobao.org/eventemitter3/download/eventemitter3-4.0.7.tgz#2de9b68f6528d5644ef5c59526a1b4a07306169f"
    integrity sha1-Lem2j2Uo1WRO9cWVJqG0oHMGFp8=
  
  execa@^4.0.1:
    version "4.1.0"
    resolved "https://registry.npmmirror.com/execa/download/execa-4.1.0.tgz?cache=0&sync_timestamp=1637147236741&other_urls=https%3A%2F%2Fregistry.npmmirror.com%2Fexeca%2Fdownload%2Fexeca-4.1.0.tgz#4e5491ad1572f2f17a77d388c6c857135b22847a"
    integrity sha1-TlSRrRVy8vF6d9OIxshXE1sihHo=
    dependencies:
      cross-spawn "^7.0.0"
      get-stream "^5.0.0"
      human-signals "^1.1.1"
      is-stream "^2.0.0"
      merge-stream "^2.0.0"
      npm-run-path "^4.0.0"
      onetime "^5.1.0"
      signal-exit "^3.0.2"
      strip-final-newline "^2.0.0"
  
  fast-glob@^3.1.1:
    version "3.2.7"
    resolved "https://registry.npmmirror.com/fast-glob/download/fast-glob-3.2.7.tgz#fd6cb7a2d7e9aa7a7846111e85a196d6b2f766a1"
    integrity sha1-/Wy3otfpqnp4RhEehaGW1rL3ZqE=
    dependencies:
      "@nodelib/fs.stat" "^2.0.2"
      "@nodelib/fs.walk" "^1.2.3"
      glob-parent "^5.1.2"
      merge2 "^1.3.0"
      micromatch "^4.0.4"
  
  fastq@^1.6.0:
    version "1.13.0"
    resolved "https://registry.nlark.com/fastq/download/fastq-1.13.0.tgz#616760f88a7526bdfc596b7cab8c18938c36b98c"
    integrity sha1-YWdg+Ip1Jr38WWt8q4wYk4w2uYw=
    dependencies:
      reusify "^1.0.4"
  
  fill-range@^7.0.1:
    version "7.0.1"
    resolved "https://registry.npmmirror.com/fill-range/download/fill-range-7.0.1.tgz#1919a6a7c75fe38b2c7c77e5198535da9acdda40"
    integrity sha1-GRmmp8df44ssfHflGYU12prN2kA=
    dependencies:
      to-regex-range "^5.0.1"
  
  follow-redirects@^1.0.0:
    version "1.14.6"
    resolved "https://registry.npmmirror.com/follow-redirects/download/follow-redirects-1.14.6.tgz#8cfb281bbc035b3c067d6cd975b0f6ade6e855cd"
    integrity sha512-fhUl5EwSJbbl8AR+uYL2KQDxLkdSjZGR36xy46AO7cOMTrCMON6Sa28FmAnC2tRTDbd/Uuzz3aJBv7EBN7JH8A==
  
  fresh@~0.5.2:
    version "0.5.2"
    resolved "https://registry.npmmirror.com/fresh/download/fresh-0.5.2.tgz#3d8cadd90d976569fa835ab1f8e4b23a105605a7"
    integrity sha1-PYyt2Q2XZWn6g1qx+OSyOhBWBac=
  
  fs-extra@^9.0.0:
    version "9.1.0"
    resolved "https://registry.nlark.com/fs-extra/download/fs-extra-9.1.0.tgz?cache=0&sync_timestamp=1622604476909&other_urls=https%3A%2F%2Fregistry.nlark.com%2Ffs-extra%2Fdownload%2Ffs-extra-9.1.0.tgz#5954460c764a8da2094ba3554bf839e6b9a7c86d"
    integrity sha1-WVRGDHZKjaIJS6NVS/g55rmnyG0=
    dependencies:
      at-least-node "^1.0.0"
      graceful-fs "^4.2.0"
      jsonfile "^6.0.1"
      universalify "^2.0.0"
  
  fs.realpath@^1.0.0:
    version "1.0.0"
    resolved "https://registry.nlark.com/fs.realpath/download/fs.realpath-1.0.0.tgz#1504ad2523158caa40db4a2787cb01411994ea4f"
    integrity sha1-FQStJSMVjKpA20onh8sBQRmU6k8=
  
  fsevents@~2.3.2:
    version "2.3.2"
    resolved "https://registry.npmmirror.com/fsevents/download/fsevents-2.3.2.tgz#8a526f78b8fdf4623b709e0b975c52c24c02fd1a"
    integrity sha1-ilJveLj99GI7cJ4Ll1xSwkwC/Ro=
  
  function-bind@^1.1.1:
    version "1.1.1"
    resolved "https://registry.npmmirror.com/function-bind/download/function-bind-1.1.1.tgz#a56899d3ea3c9bab874bb9773b7c5ede92f4895d"
    integrity sha1-pWiZ0+o8m6uHS7l3O3xe3pL0iV0=
  
  get-stream@^5.0.0:
    version "5.2.0"
    resolved "https://registry.nlark.com/get-stream/download/get-stream-5.2.0.tgz#4966a1795ee5ace65e706c4b7beb71257d6e22d3"
    integrity sha1-SWaheV7lrOZecGxLe+txJX1uItM=
    dependencies:
      pump "^3.0.0"
  
  github-markdown-css@4.0.0:
    version "4.0.0"
    resolved "https://registry.npmmirror.com/github-markdown-css/download/github-markdown-css-4.0.0.tgz#be9f4caf7a389228d4c368336260ffc909061f35"
    integrity sha1-vp9Mr3o4kijUw2gzYmD/yQkGHzU=
  
  glob-parent@^5.1.2, glob-parent@~5.1.2:
    version "5.1.2"
    resolved "https://registry.npmmirror.com/glob-parent/download/glob-parent-5.1.2.tgz#869832c58034fe68a4093c17dc15e8340d8401c4"
    integrity sha1-hpgyxYA0/mikCTwX3BXoNA2EAcQ=
    dependencies:
      is-glob "^4.0.1"
  
  glob@^7.1.2:
    version "7.2.0"
    resolved "https://registry.npmmirror.com/glob/download/glob-7.2.0.tgz#d15535af7732e02e948f4c41628bd910293f6023"
    integrity sha512-lmLf6gtyrPq8tTjSmrO94wBeQbFR3HbLHbuyD69wuyQkImp2hWqMGB47OX65FBkPffO641IP9jWa1z4ivqG26Q==
    dependencies:
      fs.realpath "^1.0.0"
      inflight "^1.0.4"
      inherits "2"
      minimatch "^3.0.4"
      once "^1.3.0"
      path-is-absolute "^1.0.0"
  
  globby@^11.0.0:
    version "11.0.4"
    resolved "https://registry.nlark.com/globby/download/globby-11.0.4.tgz?cache=0&sync_timestamp=1629801042235&other_urls=https%3A%2F%2Fregistry.nlark.com%2Fglobby%2Fdownload%2Fglobby-11.0.4.tgz#2cbaff77c2f2a62e71e9b2813a67b97a3a3001a5"
    integrity sha1-LLr/d8Lypi5x6bKBOme5ejowAaU=
    dependencies:
      array-union "^2.1.0"
      dir-glob "^3.0.1"
      fast-glob "^3.1.1"
      ignore "^5.1.4"
      merge2 "^1.3.0"
      slash "^3.0.0"
  
  good-listener@^1.2.2:
    version "1.2.2"
    resolved "https://registry.nlark.com/good-listener/download/good-listener-1.2.2.tgz#d53b30cdf9313dffb7dc9a0d477096aa6d145c50"
    integrity sha1-1TswzfkxPf+33JoNR3CWqm0UXFA=
    dependencies:
      delegate "^3.1.2"
  
  graceful-fs@^4.1.6, graceful-fs@^4.2.0:
    version "4.2.9"
    resolved "https://registry.npmmirror.com/graceful-fs/download/graceful-fs-4.2.9.tgz#041b05df45755e587a24942279b9d113146e1c96"
    integrity sha512-NtNxqUcXgpW2iMrfqSfR73Glt39K+BLwWsPs94yR63v45T0Wbej7eRmL5cWfwEgqXnmjQp3zaJTshdRW/qC2ZQ==
  
  has-flag@^3.0.0:
    version "3.0.0"
    resolved "https://registry.nlark.com/has-flag/download/has-flag-3.0.0.tgz#b5d454dc2199ae225699f3467e5a07f3b955bafd"
    integrity sha1-tdRU3CGZriJWmfNGfloH87lVuv0=
  
  has-flag@^4.0.0:
    version "4.0.0"
    resolved "https://registry.nlark.com/has-flag/download/has-flag-4.0.0.tgz#944771fd9c81c81265c4d6941860da06bb59479b"
    integrity sha1-lEdx/ZyByBJlxNaUGGDaBrtZR5s=
  
  has-symbols@^1.0.2:
    version "1.0.2"
    resolved "https://registry.nlark.com/has-symbols/download/has-symbols-1.0.2.tgz#165d3070c00309752a1236a479331e3ac56f1423"
    integrity sha1-Fl0wcMADCXUqEjakeTMeOsVvFCM=
  
  has-tostringtag@^1.0.0:
    version "1.0.0"
    resolved "https://registry.nlark.com/has-tostringtag/download/has-tostringtag-1.0.0.tgz#7e133818a7d394734f941e73c3d3f9291e658b25"
    integrity sha1-fhM4GKfTlHNPlB5zw9P5KR5liyU=
    dependencies:
      has-symbols "^1.0.2"
  
  has@^1.0.3:
    version "1.0.3"
    resolved "https://registry.nlark.com/has/download/has-1.0.3.tgz#722d7cbfc1f6aa8241f16dd814e011e1f41e8796"
    integrity sha1-ci18v8H2qoJB8W3YFOAR4fQeh5Y=
    dependencies:
      function-bind "^1.1.1"
  
  hash-sum@^2.0.0:
    version "2.0.0"
    resolved "https://registry.npmmirror.com/hash-sum/download/hash-sum-2.0.0.tgz#81d01bb5de8ea4a214ad5d6ead1b523460b0b45a"
    integrity sha1-gdAbtd6OpKIUrV1urRtSNGCwtFo=
  
  http-assert@^1.3.0:
    version "1.5.0"
    resolved "https://registry.npmmirror.com/http-assert/download/http-assert-1.5.0.tgz#c389ccd87ac16ed2dfa6246fd73b926aa00e6b8f"
    integrity sha1-w4nM2HrBbtLfpiRv1zuSaqAOa48=
    dependencies:
      deep-equal "~1.0.1"
      http-errors "~1.8.0"
  
  http-errors@^1.6.3, http-errors@^1.7.3, http-errors@~1.8.0:
    version "1.8.1"
    resolved "https://registry.npmmirror.com/http-errors/download/http-errors-1.8.1.tgz#7c3f28577cbc8a207388455dbd62295ed07bd68c"
    integrity sha512-Kpk9Sm7NmI+RHhnj6OIWDI1d6fIoFAtFt9RLaTMRlg/8w49juAStsrBgp0Dp4OdxdVbRIeKhtCUvoi/RuAhO4g==
    dependencies:
      depd "~1.1.2"
      inherits "2.0.4"
      setprototypeof "1.2.0"
      statuses ">= 1.5.0 < 2"
      toidentifier "1.0.1"
  
  http-errors@~1.4.0:
    version "1.4.0"
    resolved "https://registry.npmmirror.com/http-errors/download/http-errors-1.4.0.tgz#6c0242dea6b3df7afda153c71089b31c6e82aabf"
    integrity sha1-bAJC3qaz33r9oVPHEImzHG6Cqr8=
    dependencies:
      inherits "2.0.1"
      statuses ">= 1.2.1 < 2"
  
  http-errors@~1.6.2:
    version "1.6.3"
    resolved "https://registry.npmmirror.com/http-errors/download/http-errors-1.6.3.tgz#8b55680bb4be283a0b5bf4ea2e38580be1d9320d"
    integrity sha1-i1VoC7S+KDoLW/TqLjhYC+HZMg0=
    dependencies:
      depd "~1.1.2"
      inherits "2.0.3"
      setprototypeof "1.1.0"
      statuses ">= 1.4.0 < 2"
  
  http-proxy@^1.16.2:
    version "1.18.1"
    resolved "https://registry.nlark.com/http-proxy/download/http-proxy-1.18.1.tgz#401541f0534884bbf95260334e72f88ee3976549"
    integrity sha1-QBVB8FNIhLv5UmAzTnL4juOXZUk=
    dependencies:
      eventemitter3 "^4.0.0"
      follow-redirects "^1.0.0"
      requires-port "^1.0.0"
  
  human-signals@^1.1.1:
    version "1.1.1"
    resolved "https://registry.npmmirror.com/human-signals/download/human-signals-1.1.1.tgz#c5b1cd14f50aeae09ab6c59fe63ba3395fe4dfa3"
    integrity sha1-xbHNFPUK6uCatsWf5jujOV/k36M=
  
  ignore@^5.1.4:
    version "5.2.0"
    resolved "https://registry.npmmirror.com/ignore/download/ignore-5.2.0.tgz#6d3bac8fa7fe0d45d9f9be7bac2fc279577e345a"
    integrity sha512-CmxgYGiEPCLhfLnpPp1MoRmifwEIOgjcHXxOBjv7mY96c+eWScsOP9c112ZyLdWHi0FxHjI+4uVhKYp/gcdRmQ==
  
  import-cwd@^2.0.0:
    version "2.1.0"
    resolved "https://registry.npm.taobao.org/import-cwd/download/import-cwd-2.1.0.tgz#aa6cf36e722761285cb371ec6519f53e2435b0a9"
    integrity sha1-qmzzbnInYShcs3HsZRn1PiQ1sKk=
    dependencies:
      import-from "^2.1.0"
  
  import-fresh@^2.0.0:
    version "2.0.0"
    resolved "https://registry.nlark.com/import-fresh/download/import-fresh-2.0.0.tgz#d81355c15612d386c61f9ddd3922d4304822a546"
    integrity sha1-2BNVwVYS04bGH53dOSLUMEgipUY=
    dependencies:
      caller-path "^2.0.0"
      resolve-from "^3.0.0"
  
  import-from@^2.1.0:
    version "2.1.0"
    resolved "https://registry.nlark.com/import-from/download/import-from-2.1.0.tgz#335db7f2a7affd53aaa471d4b8021dee36b7f3b1"
    integrity sha1-M1238qev/VOqpHHUuAId7ja387E=
    dependencies:
      resolve-from "^3.0.0"
  
  inflight@^1.0.4:
    version "1.0.6"
    resolved "https://registry.npm.taobao.org/inflight/download/inflight-1.0.6.tgz#49bd6331d7d02d0c09bc910a1075ba8165b56df9"
    integrity sha1-Sb1jMdfQLQwJvJEKEHW6gWW1bfk=
    dependencies:
      once "^1.3.0"
      wrappy "1"
  
  inherits@2, inherits@2.0.4:
    version "2.0.4"
    resolved "https://registry.npmmirror.com/inherits/download/inherits-2.0.4.tgz#0fa2c64f932917c3433a0ded55363aae37416b7c"
    integrity sha1-D6LGT5MpF8NDOg3tVTY6rjdBa3w=
  
  inherits@2.0.1:
    version "2.0.1"
    resolved "https://registry.npmmirror.com/inherits/download/inherits-2.0.1.tgz#b17d08d326b4423e568eff719f91b0b1cbdf69f1"
    integrity sha1-sX0I0ya0Qj5Wjv9xn5GwscvfafE=
  
  inherits@2.0.3:
    version "2.0.3"
    resolved "https://registry.npmmirror.com/inherits/download/inherits-2.0.3.tgz#633c2c83e3da42a502f52466022480f4208261de"
    integrity sha1-Yzwsg+PaQqUC9SRmAiSA9CCCYd4=
  
  is-arrayish@^0.2.1:
    version "0.2.1"
    resolved "https://registry.npm.taobao.org/is-arrayish/download/is-arrayish-0.2.1.tgz#77c99840527aa8ecb1a8ba697b80645a7a926a9d"
    integrity sha1-d8mYQFJ6qOyxqLppe4BkWnqSap0=
  
  is-binary-path@~2.1.0:
    version "2.1.0"
    resolved "https://registry.nlark.com/is-binary-path/download/is-binary-path-2.1.0.tgz#ea1f7f3b80f064236e83470f86c09c254fb45b09"
    integrity sha1-6h9/O4DwZCNug0cPhsCcJU+0Wwk=
    dependencies:
      binary-extensions "^2.0.0"
  
  is-core-module@^2.8.0:
    version "2.8.0"
    resolved "https://registry.npmmirror.com/is-core-module/download/is-core-module-2.8.0.tgz?cache=0&sync_timestamp=1634236702465&other_urls=https%3A%2F%2Fregistry.npmmirror.com%2Fis-core-module%2Fdownload%2Fis-core-module-2.8.0.tgz#0321336c3d0925e497fd97f5d95cb114a5ccd548"
    integrity sha1-AyEzbD0JJeSX/Zf12VyxFKXM1Ug=
    dependencies:
      has "^1.0.3"
  
  is-directory@^0.3.1:
    version "0.3.1"
    resolved "https://registry.nlark.com/is-directory/download/is-directory-0.3.1.tgz#61339b6f2475fc772fd9c9d83f5c8575dc154ae1"
    integrity sha1-YTObbyR1/Hcv2cnYP1yFddwVSuE=
  
  is-docker@^2.0.0:
    version "2.2.1"
    resolved "https://registry.nlark.com/is-docker/download/is-docker-2.2.1.tgz#33eeabe23cfe86f14bde4408a02c0cfb853acdaa"
    integrity sha1-M+6r4jz+hvFL3kQIoCwM+4U6zao=
  
  is-extglob@^2.1.1:
    version "2.1.1"
    resolved "https://registry.npmmirror.com/is-extglob/download/is-extglob-2.1.1.tgz#a88c02535791f02ed37c76a1b9ea9773c833f8c2"
    integrity sha1-qIwCU1eR8C7TfHahueqXc8gz+MI=
  
  is-generator-function@^1.0.7:
    version "1.0.10"
    resolved "https://registry.nlark.com/is-generator-function/download/is-generator-function-1.0.10.tgz#f1558baf1ac17e0deea7c0415c438351ff2b3c72"
    integrity sha1-8VWLrxrBfg3up8BBXEODUf8rPHI=
    dependencies:
      has-tostringtag "^1.0.0"
  
  is-glob@^4.0.1, is-glob@~4.0.1:
    version "4.0.3"
    resolved "https://registry.npmmirror.com/is-glob/download/is-glob-4.0.3.tgz?cache=0&sync_timestamp=1632934586547&other_urls=https%3A%2F%2Fregistry.npmmirror.com%2Fis-glob%2Fdownload%2Fis-glob-4.0.3.tgz#64f61e42cbbb2eec2071a9dac0b28ba1e65d5084"
    integrity sha1-ZPYeQsu7LuwgcanawLKLoeZdUIQ=
    dependencies:
      is-extglob "^2.1.1"
  
  is-interactive@^1.0.0:
    version "1.0.0"
    resolved "https://registry.nlark.com/is-interactive/download/is-interactive-1.0.0.tgz#cea6e6ae5c870a7b0a0004070b7b587e0252912e"
    integrity sha1-zqbmrlyHCnsKAAQHC3tYfgJSkS4=
  
  is-module@^1.0.0:
    version "1.0.0"
    resolved "https://registry.nlark.com/is-module/download/is-module-1.0.0.tgz#3258fb69f78c14d5b815d664336b4cffb6441591"
    integrity sha1-Mlj7afeMFNW4FdZkM2tM/7ZEFZE=
  
  is-number@^7.0.0:
    version "7.0.0"
    resolved "https://registry.nlark.com/is-number/download/is-number-7.0.0.tgz#7535345b896734d5f80c4d06c50955527a14f12b"
    integrity sha1-dTU0W4lnNNX4DE0GxQlVUnoU8Ss=
  
  is-reference@^1.1.2:
    version "1.2.1"
    resolved "https://registry.nlark.com/is-reference/download/is-reference-1.2.1.tgz#8b2dac0b371f4bc994fdeaba9eb542d03002d0b7"
    integrity sha1-iy2sCzcfS8mU/eq6nrVC0DAC0Lc=
    dependencies:
      "@types/estree" "*"
  
  is-stream@^2.0.0:
    version "2.0.1"
    resolved "https://registry.nlark.com/is-stream/download/is-stream-2.0.1.tgz#fac1e3d53b97ad5a9d0ae9cef2389f5810a5c077"
    integrity sha1-+sHj1TuXrVqdCunO8jifWBClwHc=
  
  is-wsl@^2.1.1:
    version "2.2.0"
    resolved "https://registry.nlark.com/is-wsl/download/is-wsl-2.2.0.tgz#74a4c76e77ca9fd3f932f290c17ea326cd157271"
    integrity sha1-dKTHbnfKn9P5MvKQwX6jJs0VcnE=
    dependencies:
      is-docker "^2.0.0"
  
  isarray@0.0.1:
    version "0.0.1"
    resolved "https://registry.nlark.com/isarray/download/isarray-0.0.1.tgz#8a18acfca9a8f4177e09abfc6038939b05d1eedf"
    integrity sha1-ihis/Kmo9Bd+Cav8YDiTmwXR7t8=
  
  isbuiltin@^1.0.0:
    version "1.0.0"
    resolved "https://registry.nlark.com/isbuiltin/download/isbuiltin-1.0.0.tgz#4453b2915690cb47c0cb9c9255a0807778315c96"
    integrity sha1-RFOykVaQy0fAy5ySVaCAd3gxXJY=
    dependencies:
      builtin-modules "^1.1.1"
  
  isexe@^2.0.0:
    version "2.0.0"
    resolved "https://registry.npmmirror.com/isexe/download/isexe-2.0.0.tgz#e8fbf374dc556ff8947a10dcb0572d633f2cfa10"
    integrity sha1-6PvzdNxVb/iUehDcsFctYz8s+hA=
  
  jest-worker@^24.9.0:
    version "24.9.0"
    resolved "https://registry.npmmirror.com/jest-worker/download/jest-worker-24.9.0.tgz#5dbfdb5b2d322e98567898238a9697bcce67b3e5"
    integrity sha1-Xb/bWy0yLphWeJgjipaXvM5ns+U=
    dependencies:
      merge-stream "^2.0.0"
      supports-color "^6.1.0"
  
  js-tokens@^4.0.0:
    version "4.0.0"
    resolved "https://registry.npmmirror.com/js-tokens/download/js-tokens-4.0.0.tgz#19203fb59991df98e3a287050d4647cdeaf32499"
    integrity sha1-GSA/tZmR35jjoocFDUZHzerzJJk=
  
  js-yaml@^3.13.1:
    version "3.14.1"
    resolved "https://registry.npmmirror.com/js-yaml/download/js-yaml-3.14.1.tgz#dae812fdb3825fa306609a8717383c50c36a0537"
    integrity sha512-okMH7OXXJ7YrN9Ok3/SXrnu4iX9yOk+25nqX4imS2npuvTYDmo/QEZoqwZkYaIDk3jVvBOTOIEgEhaLOynBS9g==
    dependencies:
      argparse "^1.0.7"
      esprima "^4.0.0"
  
  json-parse-better-errors@^1.0.1:
    version "1.0.2"
    resolved "https://registry.npm.taobao.org/json-parse-better-errors/download/json-parse-better-errors-1.0.2.tgz#bb867cfb3450e69107c131d1c514bab3dc8bcaa9"
    integrity sha1-u4Z8+zRQ5pEHwTHRxRS6s9yLyqk=
  
  jsonfile@^6.0.1:
    version "6.1.0"
    resolved "https://registry.nlark.com/jsonfile/download/jsonfile-6.1.0.tgz?cache=0&sync_timestamp=1618846895804&other_urls=https%3A%2F%2Fregistry.nlark.com%2Fjsonfile%2Fdownload%2Fjsonfile-6.1.0.tgz#bc55b2634793c679ec6403094eb13698a6ec0aae"
    integrity sha1-vFWyY0eTxnnsZAMJTrE2mKbsCq4=
    dependencies:
      universalify "^2.0.0"
    optionalDependencies:
      graceful-fs "^4.1.6"
  
  keygrip@~1.1.0:
    version "1.1.0"
    resolved "https://registry.npmmirror.com/keygrip/download/keygrip-1.1.0.tgz#871b1681d5e159c62a445b0c74b615e0917e7226"
    integrity sha1-hxsWgdXhWcYqRFsMdLYV4JF+ciY=
    dependencies:
      tsscmp "1.0.6"
  
  koa-compose@^4.1.0:
    version "4.1.0"
    resolved "https://registry.npmmirror.com/koa-compose/download/koa-compose-4.1.0.tgz#507306b9371901db41121c812e923d0d67d3e877"
    integrity sha1-UHMGuTcZAdtBEhyBLpI9DWfT6Hc=
  
  koa-conditional-get@^2.0.0:
    version "2.0.0"
    resolved "https://registry.npm.taobao.org/koa-conditional-get/download/koa-conditional-get-2.0.0.tgz#a43f3723c1d014b730a34ece8adf30b93c8233f2"
    integrity sha1-pD83I8HQFLcwo07Oit8wuTyCM/I=
  
  koa-convert@^2.0.0:
    version "2.0.0"
    resolved "https://registry.nlark.com/koa-convert/download/koa-convert-2.0.0.tgz#86a0c44d81d40551bae22fee6709904573eea4f5"
    integrity sha1-hqDETYHUBVG64i/uZwmQRXPupPU=
    dependencies:
      co "^4.6.0"
      koa-compose "^4.1.0"
  
  koa-etag@^3.0.0:
    version "3.0.0"
    resolved "https://registry.npm.taobao.org/koa-etag/download/koa-etag-3.0.0.tgz#9ef7382ddd5a82ab0deb153415c915836f771d3f"
    integrity sha1-nvc4Ld1agqsN6xU0FckVg293HT8=
    dependencies:
      etag "^1.3.0"
      mz "^2.1.0"
  
  koa-proxies@^0.11.0:
    version "0.11.0"
    resolved "https://registry.nlark.com/koa-proxies/download/koa-proxies-0.11.0.tgz#43dde4260080f7cb0f284655f85cf654bbe9ec84"
    integrity sha1-Q93kJgCA98sPKEZV+Fz2VLvp7IQ=
    dependencies:
      http-proxy "^1.16.2"
      path-match "^1.2.4"
  
  koa-send@^5.0.0:
    version "5.0.1"
    resolved "https://registry.nlark.com/koa-send/download/koa-send-5.0.1.tgz#39dceebfafb395d0d60beaffba3a70b4f543fe79"
    integrity sha1-Odzuv6+zldDWC+r/ujpwtPVD/nk=
    dependencies:
      debug "^4.1.1"
      http-errors "^1.7.3"
      resolve-path "^1.4.0"
  
  koa-static@^5.0.0:
    version "5.0.0"
    resolved "https://registry.npmmirror.com/koa-static/download/koa-static-5.0.0.tgz#5e92fc96b537ad5219f425319c95b64772776943"
    integrity sha1-XpL8lrU3rVIZ9CUxnJW2R3J3aUM=
    dependencies:
      debug "^3.1.0"
      koa-send "^5.0.0"
  
  koa@^2.11.0:
    version "2.13.4"
    resolved "https://registry.npmmirror.com/koa/download/koa-2.13.4.tgz#ee5b0cb39e0b8069c38d115139c774833d32462e"
    integrity sha512-43zkIKubNbnrULWlHdN5h1g3SEKXOEzoAlRsHOTFpnlDu8JlAOZSMJBLULusuXRequboiwJcj5vtYXKB3k7+2g==
    dependencies:
      accepts "^1.3.5"
      cache-content-type "^1.0.0"
      content-disposition "~0.5.2"
      content-type "^1.0.4"
      cookies "~0.8.0"
      debug "^4.3.2"
      delegates "^1.0.0"
      depd "^2.0.0"
      destroy "^1.0.4"
      encodeurl "^1.0.2"
      escape-html "^1.0.3"
      fresh "~0.5.2"
      http-assert "^1.3.0"
      http-errors "^1.6.3"
      is-generator-function "^1.0.7"
      koa-compose "^4.1.0"
      koa-convert "^2.0.0"
      on-finished "^2.3.0"
      only "~0.0.2"
      parseurl "^1.3.2"
      statuses "^1.5.0"
      type-is "^1.6.16"
      vary "^1.1.2"
  
  log-symbols@^3.0.0:
    version "3.0.0"
    resolved "https://registry.npmmirror.com/log-symbols/download/log-symbols-3.0.0.tgz#f3a08516a5dea893336a7dee14d18a1cfdab77c4"
    integrity sha1-86CFFqXeqJMzan3uFNGKHP2rd8Q=
    dependencies:
      chalk "^2.4.2"
  
  lru-cache@^5.1.1:
    version "5.1.1"
    resolved "https://registry.npm.taobao.org/lru-cache/download/lru-cache-5.1.1.tgz?cache=0&sync_timestamp=1599054167787&other_urls=https%3A%2F%2Fregistry.npm.taobao.org%2Flru-cache%2Fdownload%2Flru-cache-5.1.1.tgz#1da27e6710271947695daf6848e847f01d84b920"
    integrity sha1-HaJ+ZxAnGUdpXa9oSOhH8B2EuSA=
    dependencies:
      yallist "^3.0.2"
  
  magic-string@^0.25.2, magic-string@^0.25.7:
    version "0.25.7"
    resolved "https://registry.nlark.com/magic-string/download/magic-string-0.25.7.tgz#3f497d6fd34c669c6798dcb821f2ef31f5445051"
    integrity sha1-P0l9b9NMZpxnmNy4IfLvMfVEUFE=
    dependencies:
      sourcemap-codec "^1.4.4"
  
  marked@1.1.1:
    version "1.1.1"
    resolved "https://registry.npmmirror.com/marked/download/marked-1.1.1.tgz#e5d61b69842210d5df57b05856e0c91572703e6a"
    integrity sha512-mJzT8D2yPxoPh7h0UXkB+dBj4FykPJ2OIfxAWeIHrvoHDkFxukV/29QxoFQoPM6RLEwhIFdJpmKBlqVM3s2ZIw==
  
  media-typer@0.3.0:
    version "0.3.0"
    resolved "https://registry.npm.taobao.org/media-typer/download/media-typer-0.3.0.tgz#8710d7af0aa626f8fffa1ce00168545263255748"
    integrity sha1-hxDXrwqmJvj/+hzgAWhUUmMlV0g=
  
  merge-source-map@^1.1.0:
    version "1.1.0"
    resolved "https://registry.npm.taobao.org/merge-source-map/download/merge-source-map-1.1.0.tgz#2fdde7e6020939f70906a68f2d7ae685e4c8c646"
    integrity sha1-L93n5gIJOfcJBqaPLXrmheTIxkY=
    dependencies:
      source-map "^0.6.1"
  
  merge-stream@^2.0.0:
    version "2.0.0"
    resolved "https://registry.nlark.com/merge-stream/download/merge-stream-2.0.0.tgz#52823629a14dd00c9770fb6ad47dc6310f2c1f60"
    integrity sha1-UoI2KaFN0AyXcPtq1H3GMQ8sH2A=
  
  merge2@^1.3.0:
    version "1.4.1"
    resolved "https://registry.nlark.com/merge2/download/merge2-1.4.1.tgz#4368892f885e907455a6fd7dc55c0c9d404990ae"
    integrity sha1-Q2iJL4hekHRVpv19xVwMnUBJkK4=
  
  micromatch@^4.0.4:
    version "4.0.4"
    resolved "https://registry.npmmirror.com/micromatch/download/micromatch-4.0.4.tgz#896d519dfe9db25fce94ceb7a500919bf881ebf9"
    integrity sha1-iW1Rnf6dsl/OlM63pQCRm/iB6/k=
    dependencies:
      braces "^3.0.1"
      picomatch "^2.2.3"
  
  mime-db@1.51.0:
    version "1.51.0"
    resolved "https://registry.npmmirror.com/mime-db/download/mime-db-1.51.0.tgz?cache=0&sync_timestamp=1636426024486&other_urls=https%3A%2F%2Fregistry.npmmirror.com%2Fmime-db%2Fdownload%2Fmime-db-1.51.0.tgz#d9ff62451859b18342d960850dc3cfb77e63fb0c"
    integrity sha512-5y8A56jg7XVQx2mbv1lu49NR4dokRnhZYTtL+KGfaa27uq4pSTXkwQkFJl4pkRMyNFz/EtYDSkiiEHx3F7UN6g==
  
  mime-types@^2.1.18, mime-types@^2.1.27, mime-types@~2.1.24:
    version "2.1.34"
    resolved "https://registry.npmmirror.com/mime-types/download/mime-types-2.1.34.tgz?cache=0&sync_timestamp=1636432244120&other_urls=https%3A%2F%2Fregistry.npmmirror.com%2Fmime-types%2Fdownload%2Fmime-types-2.1.34.tgz#5a712f9ec1503511a945803640fafe09d3793c24"
    integrity sha512-6cP692WwGIs9XXdOO4++N+7qjqv0rqxxVvJ3VHPh/Sc9mVZcQP+ZGhkKiTvWMQRr2tbHkJP/Yn7Y0npb3ZBs4A==
    dependencies:
      mime-db "1.51.0"
  
  mimic-fn@^2.1.0:
    version "2.1.0"
    resolved "https://registry.npmmirror.com/mimic-fn/download/mimic-fn-2.1.0.tgz#7ed2c2ccccaf84d3ffcb7a69b57711fc2083401b"
    integrity sha1-ftLCzMyvhNP/y3pptXcR/CCDQBs=
  
  minimatch@^3.0.4:
    version "3.0.4"
    resolved "https://registry.npmmirror.com/minimatch/download/minimatch-3.0.4.tgz#5166e286457f03306064be5497e8dbb0c3d32083"
    integrity sha1-UWbihkV/AzBgZL5Ul+jbsMPTIIM=
    dependencies:
      brace-expansion "^1.1.7"
  
  minimist@^1.2.5:
    version "1.2.5"
    resolved "https://registry.nlark.com/minimist/download/minimist-1.2.5.tgz#67d66014b66a6a8aaa0c083c5fd58df4e4e97602"
    integrity sha1-Z9ZgFLZqaoqqDAg8X9WN9OTpdgI=
  
  ms@2.1.2:
    version "2.1.2"
    resolved "https://registry.npmmirror.com/ms/download/ms-2.1.2.tgz#d09d1f357b443f493382a8eb3ccd183872ae6009"
    integrity sha1-0J0fNXtEP0kzgqjrPM0YOHKuYAk=
  
  ms@^2.1.1:
    version "2.1.3"
    resolved "https://registry.npmmirror.com/ms/download/ms-2.1.3.tgz#574c8138ce1d2b5861f0b44579dbadd60c6615b2"
    integrity sha1-V0yBOM4dK1hh8LRFedut1gxmFbI=
  
  mute-stream@0.0.8:
    version "0.0.8"
    resolved "https://registry.npm.taobao.org/mute-stream/download/mute-stream-0.0.8.tgz#1630c42b2251ff81e2a283de96a5497ea92e5e0d"
    integrity sha1-FjDEKyJR/4HiooPelqVJfqkuXg0=
  
  mz@^2.1.0:
    version "2.7.0"
    resolved "https://registry.npm.taobao.org/mz/download/mz-2.7.0.tgz#95008057a56cafadc2bc63dde7f9ff6955948e32"
    integrity sha1-lQCAV6Vsr63CvGPd5/n/aVWUjjI=
    dependencies:
      any-promise "^1.0.0"
      object-assign "^4.0.1"
      thenify-all "^1.0.0"
  
  nanoid@^3.1.30:
    version "3.1.30"
    resolved "https://registry.npmmirror.com/nanoid/download/nanoid-3.1.30.tgz#63f93cc548d2a113dc5dfbc63bfa09e2b9b64362"
    integrity sha512-zJpuPDwOv8D2zq2WRoMe1HsfZthVewpel9CAvTfc/2mBD1uUT/agc5f7GHGWXlYkFvi1mVxe4IjvP2HNrop7nQ==
  
  negotiator@0.6.2:
    version "0.6.2"
    resolved "https://registry.npmmirror.com/negotiator/download/negotiator-0.6.2.tgz#feacf7ccf525a77ae9634436a64883ffeca346fb"
    integrity sha1-/qz3zPUlp3rpY0Q2pkiD/+yjRvs=
  
  node-forge@^0.10.0:
    version "0.10.0"
    resolved "https://registry.npmmirror.com/node-forge/download/node-forge-0.10.0.tgz#32dea2afb3e9926f02ee5ce8794902691a676bf3"
    integrity sha1-Mt6ir7Ppkm8C7lzoeUkCaRpna/M=
  
  normalize-path@^3.0.0, normalize-path@~3.0.0:
    version "3.0.0"
    resolved "https://registry.nlark.com/normalize-path/download/normalize-path-3.0.0.tgz#0dcd69ff23a1c9b11fd0978316644a0388216a65"
    integrity sha1-Dc1p/yOhybEf0JeDFmRKA4ghamU=
  
  npm-run-path@^4.0.0:
    version "4.0.1"
    resolved "https://registry.npmmirror.com/npm-run-path/download/npm-run-path-4.0.1.tgz?cache=0&sync_timestamp=1633420566316&other_urls=https%3A%2F%2Fregistry.npmmirror.com%2Fnpm-run-path%2Fdownload%2Fnpm-run-path-4.0.1.tgz#b7ecd1e5ed53da8e37a55e1c2269e0b97ed748ea"
    integrity sha1-t+zR5e1T2o43pV4cImnguX7XSOo=
    dependencies:
      path-key "^3.0.0"
  
  object-assign@^4.0.1:
    version "4.1.1"
    resolved "https://registry.npm.taobao.org/object-assign/download/object-assign-4.1.1.tgz#2109adc7965887cfc05cbbd442cac8bfbb360863"
    integrity sha1-IQmtx5ZYh8/AXLvUQsrIv7s2CGM=
  
  on-finished@^2.3.0:
    version "2.3.0"
    resolved "https://registry.npm.taobao.org/on-finished/download/on-finished-2.3.0.tgz#20f1336481b083cd75337992a16971aa2d906947"
    integrity sha1-IPEzZIGwg811M3mSoWlxqi2QaUc=
    dependencies:
      ee-first "1.1.1"
  
  once@^1.3.0, once@^1.3.1, once@^1.4.0:
    version "1.4.0"
    resolved "https://registry.nlark.com/once/download/once-1.4.0.tgz#583b1aa775961d4b113ac17d9c50baef9dd76bd1"
    integrity sha1-WDsap3WWHUsROsF9nFC6753Xa9E=
    dependencies:
      wrappy "1"
  
  onetime@^5.1.0:
    version "5.1.2"
    resolved "https://registry.npmmirror.com/onetime/download/onetime-5.1.2.tgz#d0e96ebb56b07476df1dd9c4806e5237985ca45e"
    integrity sha1-0Oluu1awdHbfHdnEgG5SN5hcpF4=
    dependencies:
      mimic-fn "^2.1.0"
  
  only@~0.0.2:
    version "0.0.2"
    resolved "https://registry.nlark.com/only/download/only-0.0.2.tgz#2afde84d03e50b9a8edc444e30610a70295edfb4"
    integrity sha1-Kv3oTQPlC5qO3EROMGEKcCle37Q=
  
  open@^7.0.3:
    version "7.4.2"
    resolved "https://registry.npmmirror.com/open/download/open-7.4.2.tgz#b8147e26dcf3e426316c730089fd71edd29c2321"
    integrity sha1-uBR+Jtzz5CYxbHMAif1x7dKcIyE=
    dependencies:
      is-docker "^2.0.0"
      is-wsl "^2.1.1"
  
  ora@^4.0.4:
    version "4.1.1"
    resolved "https://registry.nlark.com/ora/download/ora-4.1.1.tgz?cache=0&sync_timestamp=1631556513877&other_urls=https%3A%2F%2Fregistry.nlark.com%2Fora%2Fdownload%2Fora-4.1.1.tgz#566cc0348a15c36f5f0e979612842e02ba9dddbc"
    integrity sha1-VmzANIoVw29fDpeWEoQuArqd3bw=
    dependencies:
      chalk "^3.0.0"
      cli-cursor "^3.1.0"
      cli-spinners "^2.2.0"
      is-interactive "^1.0.0"
      log-symbols "^3.0.0"
      mute-stream "0.0.8"
      strip-ansi "^6.0.0"
      wcwidth "^1.0.1"
  
  parse-json@^4.0.0:
    version "4.0.0"
    resolved "https://registry.npmmirror.com/parse-json/download/parse-json-4.0.0.tgz?cache=0&sync_timestamp=1637475717072&other_urls=https%3A%2F%2Fregistry.npmmirror.com%2Fparse-json%2Fdownload%2Fparse-json-4.0.0.tgz#be35f5425be1f7f6c747184f98a788cb99477ee0"
    integrity sha1-vjX1Qlvh9/bHRxhPmKeIy5lHfuA=
    dependencies:
      error-ex "^1.3.1"
      json-parse-better-errors "^1.0.1"
  
  parseurl@^1.3.2:
    version "1.3.3"
    resolved "https://registry.nlark.com/parseurl/download/parseurl-1.3.3.tgz#9da19e7bee8d12dff0513ed5b76957793bc2e8d4"
    integrity sha1-naGee+6NEt/wUT7Vt2lXeTvC6NQ=
  
  path-is-absolute@1.0.1, path-is-absolute@^1.0.0:
    version "1.0.1"
    resolved "https://registry.nlark.com/path-is-absolute/download/path-is-absolute-1.0.1.tgz#174b9268735534ffbc7ace6bf53a5a9e1b5c5f5f"
    integrity sha1-F0uSaHNVNP+8es5r9TpanhtcX18=
  
  path-key@^3.0.0, path-key@^3.1.0:
    version "3.1.1"
    resolved "https://registry.npm.taobao.org/path-key/download/path-key-3.1.1.tgz?cache=0&sync_timestamp=1617971691339&other_urls=https%3A%2F%2Fregistry.npm.taobao.org%2Fpath-key%2Fdownload%2Fpath-key-3.1.1.tgz#581f6ade658cbba65a0d3380de7753295054f375"
    integrity sha1-WB9q3mWMu6ZaDTOA3ndTKVBU83U=
  
  path-match@^1.2.4:
    version "1.2.4"
    resolved "https://registry.nlark.com/path-match/download/path-match-1.2.4.tgz#a62747f3c7e0c2514762697f24443585b09100ea"
    integrity sha1-pidH88fgwlFHYml/JEQ1hbCRAOo=
    dependencies:
      http-errors "~1.4.0"
      path-to-regexp "^1.0.0"
  
  path-parse@^1.0.7:
    version "1.0.7"
    resolved "https://registry.nlark.com/path-parse/download/path-parse-1.0.7.tgz#fbc114b60ca42b30d9daf5858e4bd68bbedb6735"
    integrity sha1-+8EUtgykKzDZ2vWFjkvWi77bZzU=
  
  path-to-regexp@^1.0.0:
    version "1.8.0"
    resolved "https://registry.npm.taobao.org/path-to-regexp/download/path-to-regexp-1.8.0.tgz#887b3ba9d84393e87a0a0b9f4cb756198b53548a"
    integrity sha1-iHs7qdhDk+h6CgufTLdWGYtTVIo=
    dependencies:
      isarray "0.0.1"
  
  path-type@^4.0.0:
    version "4.0.0"
    resolved "https://registry.npmmirror.com/path-type/download/path-type-4.0.0.tgz#84ed01c0a7ba380afe09d90a8c180dcd9d03043b"
    integrity sha1-hO0BwKe6OAr+CdkKjBgNzZ0DBDs=
  
  picocolors@^0.2.1:
    version "0.2.1"
    resolved "https://registry.npmmirror.com/picocolors/download/picocolors-0.2.1.tgz?cache=0&sync_timestamp=1634093339035&other_urls=https%3A%2F%2Fregistry.npmmirror.com%2Fpicocolors%2Fdownload%2Fpicocolors-0.2.1.tgz#570670f793646851d1ba135996962abad587859f"
    integrity sha1-VwZw95NkaFHRuhNZlpYqutWHhZ8=
  
  picocolors@^1.0.0:
    version "1.0.0"
    resolved "https://registry.npmmirror.com/picocolors/download/picocolors-1.0.0.tgz?cache=0&sync_timestamp=1634093339035&other_urls=https%3A%2F%2Fregistry.npmmirror.com%2Fpicocolors%2Fdownload%2Fpicocolors-1.0.0.tgz#cb5bdc74ff3f51892236eaf79d68bc44564ab81c"
    integrity sha1-y1vcdP8/UYkiNur3nWi8RFZKuBw=
  
  picomatch@^2.0.4, picomatch@^2.2.1, picomatch@^2.2.2, picomatch@^2.2.3:
    version "2.3.1"
    resolved "https://registry.npmmirror.com/picomatch/download/picomatch-2.3.1.tgz#3ba3833733646d9d3e4995946c1365a67fb07a42"
    integrity sha512-JU3teHTNjmE2VCGFzuY8EXzCDVwEqB2a8fsIvwaStHhAWJEeVd1o1QD80CU6+ZdEXXSLbSsuLwJjkCBWqRQUVA==
  
  pify@^2.3.0:
    version "2.3.0"
    resolved "https://registry.npm.taobao.org/pify/download/pify-2.3.0.tgz#ed141a6ac043a849ea588498e7dca8b15330e90c"
    integrity sha1-7RQaasBDqEnqWISY59yosVMw6Qw=
  
  postcss-discard-comments@^4.0.2:
    version "4.0.2"
    resolved "https://registry.npmmirror.com/postcss-discard-comments/download/postcss-discard-comments-4.0.2.tgz#1fbabd2c246bff6aaad7997b2b0918f4d7af4033"
    integrity sha1-H7q9LCRr/2qq15l7KwkY9NevQDM=
    dependencies:
      postcss "^7.0.0"
  
  postcss-import@^12.0.1:
    version "12.0.1"
    resolved "https://registry.nlark.com/postcss-import/download/postcss-import-12.0.1.tgz#cf8c7ab0b5ccab5649024536e565f841928b7153"
    integrity sha1-z4x6sLXMq1ZJAkU25WX4QZKLcVM=
    dependencies:
      postcss "^7.0.1"
      postcss-value-parser "^3.2.3"
      read-cache "^1.0.0"
      resolve "^1.1.7"
  
  postcss-load-config@^2.1.0:
    version "2.1.2"
    resolved "https://registry.npmmirror.com/postcss-load-config/download/postcss-load-config-2.1.2.tgz#c5ea504f2c4aef33c7359a34de3573772ad7502a"
    integrity sha1-xepQTyxK7zPHNZo03jVzdyrXUCo=
    dependencies:
      cosmiconfig "^5.0.0"
      import-cwd "^2.0.0"
  
  postcss-value-parser@^3.2.3:
    version "3.3.1"
    resolved "https://registry.npmmirror.com/postcss-value-parser/download/postcss-value-parser-3.3.1.tgz#9ff822547e2893213cf1c30efa51ac5fd1ba8281"
    integrity sha1-n/giVH4okyE88cMO+lGsX9G6goE=
  
  postcss@^7.0.0, postcss@^7.0.1, postcss@^7.0.28:
    version "7.0.39"
    resolved "https://registry.npmmirror.com/postcss/download/postcss-7.0.39.tgz#9624375d965630e2e1f2c02a935c82a59cb48309"
    integrity sha512-yioayjNbHn6z1/Bywyb2Y4s3yvDAeXGOyxqD+LnVOinq6Mdmd++SW2wUNVzavyyHxd6+DxzWGIuosg6P1Rj8uA==
    dependencies:
      picocolors "^0.2.1"
      source-map "^0.6.1"
  
  postcss@^8.1.10:
    version "8.4.5"
    resolved "https://registry.npmmirror.com/postcss/download/postcss-8.4.5.tgz#bae665764dfd4c6fcc24dc0fdf7e7aa00cc77f95"
    integrity sha512-jBDboWM8qpaqwkMwItqTQTiFikhs/67OYVvblFFTM7MrZjt6yMKd6r2kgXizEbTTljacm4NldIlZnhbjr84QYg==
    dependencies:
      nanoid "^3.1.30"
      picocolors "^1.0.0"
      source-map-js "^1.0.1"
  
  prismjs@1.21.0:
    version "1.21.0"
    resolved "https://registry.npmmirror.com/prismjs/download/prismjs-1.21.0.tgz#36c086ec36b45319ec4218ee164c110f9fc015a3"
    integrity sha512-uGdSIu1nk3kej2iZsLyDoJ7e9bnPzIgY0naW/HdknGj61zScaprVEVGHrPoXqI+M9sP0NDnTK2jpkvmldpuqDw==
    optionalDependencies:
      clipboard "^2.0.0"
  
  pump@^3.0.0:
    version "3.0.0"
    resolved "https://registry.nlark.com/pump/download/pump-3.0.0.tgz#b4a2116815bde2f4e1ea602354e8c75565107a64"
    integrity sha1-tKIRaBW94vTh6mAjVOjHVWUQemQ=
    dependencies:
      end-of-stream "^1.1.0"
      once "^1.3.1"
  
  queue-microtask@^1.2.2:
    version "1.2.3"
    resolved "https://registry.npmmirror.com/queue-microtask/download/queue-microtask-1.2.3.tgz#4929228bbc724dfac43e0efb058caf7b6cfb6243"
    integrity sha1-SSkii7xyTfrEPg77BYyve2z7YkM=
  
  randombytes@^2.1.0:
    version "2.1.0"
    resolved "https://registry.nlark.com/randombytes/download/randombytes-2.1.0.tgz#df6f84372f0270dc65cdf6291349ab7a473d4f2a"
    integrity sha1-32+ENy8CcNxlzfYpE0mrekc9Tyo=
    dependencies:
      safe-buffer "^5.1.0"
  
  read-cache@^1.0.0:
    version "1.0.0"
    resolved "https://registry.nlark.com/read-cache/download/read-cache-1.0.0.tgz#e664ef31161166c9751cdbe8dbcf86b5fb58f774"
    integrity sha1-5mTvMRYRZsl1HNvo28+GtftY93Q=
    dependencies:
      pify "^2.3.0"
  
  readdirp@~3.6.0:
    version "3.6.0"
    resolved "https://registry.nlark.com/readdirp/download/readdirp-3.6.0.tgz#74a370bd857116e245b29cc97340cd431a02a6c7"
    integrity sha1-dKNwvYVxFuJFspzJc0DNQxoCpsc=
    dependencies:
      picomatch "^2.2.1"
  
  requires-port@^1.0.0:
    version "1.0.0"
    resolved "https://registry.npmmirror.com/requires-port/download/requires-port-1.0.0.tgz#925d2601d39ac485e091cf0da5c6e694dc3dcaff"
    integrity sha1-kl0mAdOaxIXgkc8NpcbmlNw9yv8=
  
  resolve-from@^3.0.0:
    version "3.0.0"
    resolved "https://registry.npm.taobao.org/resolve-from/download/resolve-from-3.0.0.tgz#b22c7af7d9d6881bc8b6e653335eebcb0a188748"
    integrity sha1-six699nWiBvItuZTM17rywoYh0g=
  
  resolve-path@^1.4.0:
    version "1.4.0"
    resolved "https://registry.nlark.com/resolve-path/download/resolve-path-1.4.0.tgz#c4bda9f5efb2fce65247873ab36bb4d834fe16f7"
    integrity sha1-xL2p9e+y/OZSR4c6s2u02DT+Fvc=
    dependencies:
      http-errors "~1.6.2"
      path-is-absolute "1.0.1"
  
  resolve@^1.1.7, resolve@^1.11.0, resolve@^1.17.0:
    version "1.21.0"
    resolved "https://registry.npmmirror.com/resolve/download/resolve-1.21.0.tgz#b51adc97f3472e6a5cf4444d34bc9d6b9037591f"
    integrity sha512-3wCbTpk5WJlyE4mSOtDLhqQmGFi0/TD9VPwmiolnk8U0wRgMEktqCXd3vy5buTO3tljvalNvKrjHEfrd2WpEKA==
    dependencies:
      is-core-module "^2.8.0"
      path-parse "^1.0.7"
      supports-preserve-symlinks-flag "^1.0.0"
  
  restore-cursor@^3.1.0:
    version "3.1.0"
    resolved "https://registry.npmmirror.com/restore-cursor/download/restore-cursor-3.1.0.tgz#39f67c54b3a7a58cea5236d95cf0034239631f7e"
    integrity sha1-OfZ8VLOnpYzqUjbZXPADQjljH34=
    dependencies:
      onetime "^5.1.0"
      signal-exit "^3.0.2"
  
  reusify@^1.0.4:
    version "1.0.4"
    resolved "https://registry.npm.taobao.org/reusify/download/reusify-1.0.4.tgz#90da382b1e126efc02146e90845a88db12925d76"
    integrity sha1-kNo4Kx4SbvwCFG6QhFqI2xKSXXY=
  
  rollup-plugin-dynamic-import-variables@^1.0.1:
    version "1.1.0"
    resolved "https://registry.npm.taobao.org/rollup-plugin-dynamic-import-variables/download/rollup-plugin-dynamic-import-variables-1.1.0.tgz#4981d38907a471b35234398a09047bef47a2006a"
    integrity sha1-SYHTiQekcbNSNDmKCQR770eiAGo=
    dependencies:
      "@rollup/pluginutils" "^3.0.9"
      estree-walker "^2.0.1"
      globby "^11.0.0"
      magic-string "^0.25.7"
  
  rollup-plugin-terser@^5.3.0:
    version "5.3.1"
    resolved "https://registry.npm.taobao.org/rollup-plugin-terser/download/rollup-plugin-terser-5.3.1.tgz#8c650062c22a8426c64268548957463bf981b413"
    integrity sha1-jGUAYsIqhCbGQmhUiVdGO/mBtBM=
    dependencies:
      "@babel/code-frame" "^7.5.5"
      jest-worker "^24.9.0"
      rollup-pluginutils "^2.8.2"
      serialize-javascript "^4.0.0"
      terser "^4.6.2"
  
  rollup-plugin-vue@^6.0.0-beta.9:
    version "6.0.0"
    resolved "https://registry.npm.taobao.org/rollup-plugin-vue/download/rollup-plugin-vue-6.0.0.tgz#e379e93e5ae9a8648522f698be2e452e8672aaf2"
    integrity sha1-43npPlrpqGSFIvaYvi5FLoZyqvI=
    dependencies:
      debug "^4.1.1"
      hash-sum "^2.0.0"
      rollup-pluginutils "^2.8.2"
  
  rollup-plugin-web-worker-loader@^1.3.0:
    version "1.6.1"
    resolved "https://registry.npm.taobao.org/rollup-plugin-web-worker-loader/download/rollup-plugin-web-worker-loader-1.6.1.tgz#9d7a27575b64b0780fe4e8b3bc87470d217e485f"
    integrity sha1-nXonV1tksHgP5OizvIdHDSF+SF8=
  
  rollup-pluginutils@^2.8.2:
    version "2.8.2"
    resolved "https://registry.npmmirror.com/rollup-pluginutils/download/rollup-pluginutils-2.8.2.tgz#72f2af0748b592364dbd3389e600e5a9444a351e"
    integrity sha1-cvKvB0i1kjZNvTOJ5gDlqURKNR4=
    dependencies:
      estree-walker "^0.6.1"
  
  rollup@^2.20.0:
    version "2.63.0"
    resolved "https://registry.npmmirror.com/rollup/download/rollup-2.63.0.tgz#fe2f7fec2133f3fab9e022b9ac245628d817c6bb"
    integrity sha512-nps0idjmD+NXl6OREfyYXMn/dar3WGcyKn+KBzPdaLecub3x/LrId0wUcthcr8oZUAcZAR8NKcfGGFlNgGL1kQ==
    optionalDependencies:
      fsevents "~2.3.2"
  
  run-parallel@^1.1.9:
    version "1.2.0"
    resolved "https://registry.npm.taobao.org/run-parallel/download/run-parallel-1.2.0.tgz?cache=0&sync_timestamp=1612925912322&other_urls=https%3A%2F%2Fregistry.npm.taobao.org%2Frun-parallel%2Fdownload%2Frun-parallel-1.2.0.tgz#66d1368da7bdf921eb9d95bd1a9229e7f21a43ee"
    integrity sha1-ZtE2jae9+SHrnZW9GpIp5/IaQ+4=
    dependencies:
      queue-microtask "^1.2.2"
  
  safe-buffer@5.2.1, safe-buffer@^5.1.0:
    version "5.2.1"
    resolved "https://registry.npmmirror.com/safe-buffer/download/safe-buffer-5.2.1.tgz#1eaf9fa9bdb1fdd4ec75f58f9cdb4e6b7827eec6"
    integrity sha1-Hq+fqb2x/dTsdfWPnNtOa3gn7sY=
  
  sass@1.26.10:
    version "1.26.10"
    resolved "https://registry.npmmirror.com/sass/download/sass-1.26.10.tgz#851d126021cdc93decbf201d1eca2a20ee434760"
    integrity sha512-bzN0uvmzfsTvjz0qwccN1sPm2HxxpNI/Xa+7PlUEMS+nQvbyuEK7Y0qFqxlPHhiNHb1Ze8WQJtU31olMObkAMw==
    dependencies:
      chokidar ">=2.0.0 <4.0.0"
  
  select@^1.1.2:
    version "1.1.2"
    resolved "https://registry.nlark.com/select/download/select-1.1.2.tgz#0e7350acdec80b1108528786ec1d4418d11b396d"
    integrity sha1-DnNQrN7ICxEIUoeG7B1EGNEbOW0=
  
  selfsigned@^1.10.7:
    version "1.10.11"
    resolved "https://registry.nlark.com/selfsigned/download/selfsigned-1.10.11.tgz#24929cd906fe0f44b6d01fb23999a739537acbe9"
    integrity sha1-JJKc2Qb+D0S20B+yOZmnOVN6y+k=
    dependencies:
      node-forge "^0.10.0"
  
  serialize-javascript@^4.0.0:
    version "4.0.0"
    resolved "https://registry.npmmirror.com/serialize-javascript/download/serialize-javascript-4.0.0.tgz#b525e1238489a5ecfc42afacc3fe99e666f4b1aa"
    integrity sha1-tSXhI4SJpez8Qq+sw/6Z5mb0sao=
    dependencies:
      randombytes "^2.1.0"
  
  setprototypeof@1.1.0:
    version "1.1.0"
    resolved "https://registry.nlark.com/setprototypeof/download/setprototypeof-1.1.0.tgz#d0bd85536887b6fe7c0d818cb962d9d91c54e656"
    integrity sha1-0L2FU2iHtv58DYGMuWLZ2RxU5lY=
  
  setprototypeof@1.2.0:
    version "1.2.0"
    resolved "https://registry.nlark.com/setprototypeof/download/setprototypeof-1.2.0.tgz#66c9a24a73f9fc28cbe66b09fed3d33dcaf1b424"
    integrity sha1-ZsmiSnP5/CjL5msJ/tPTPcrxtCQ=
  
  shebang-command@^2.0.0:
    version "2.0.0"
    resolved "https://registry.npm.taobao.org/shebang-command/download/shebang-command-2.0.0.tgz#ccd0af4f8835fbdc265b82461aaf0c36663f34ea"
    integrity sha1-zNCvT4g1+9wmW4JGGq8MNmY/NOo=
    dependencies:
      shebang-regex "^3.0.0"
  
  shebang-regex@^3.0.0:
    version "3.0.0"
    resolved "https://registry.npmmirror.com/shebang-regex/download/shebang-regex-3.0.0.tgz#ae16f1644d873ecad843b0307b143362d4c42172"
    integrity sha1-rhbxZE2HPsrYQ7AwexQzYtTEIXI=
  
  signal-exit@^3.0.2:
    version "3.0.6"
    resolved "https://registry.npmmirror.com/signal-exit/download/signal-exit-3.0.6.tgz?cache=0&other_urls=https%3A%2F%2Fregistry.npmmirror.com%2Fsignal-exit%2Fdownload%2Fsignal-exit-3.0.6.tgz#24e630c4b0f03fea446a2bd299e62b4a6ca8d0af"
    integrity sha512-sDl4qMFpijcGw22U5w63KmD3cZJfBuFlVNbVMKje2keoKML7X2UzWbc4XrmEbDwg0NXJc3yv4/ox7b+JWb57kQ==
  
  slash@^3.0.0:
    version "3.0.0"
    resolved "https://registry.npmmirror.com/slash/download/slash-3.0.0.tgz#6539be870c165adbd5240220dbe361f1bc4d4634"
    integrity sha1-ZTm+hwwWWtvVJAIg2+Nh8bxNRjQ=
  
  source-map-js@^1.0.1:
    version "1.0.1"
    resolved "https://registry.npmmirror.com/source-map-js/download/source-map-js-1.0.1.tgz?cache=0&sync_timestamp=1636400915509&other_urls=https%3A%2F%2Fregistry.npmmirror.com%2Fsource-map-js%2Fdownload%2Fsource-map-js-1.0.1.tgz#a1741c131e3c77d048252adfa24e23b908670caf"
    integrity sha512-4+TN2b3tqOCd/kaGRJ/sTYA0tR0mdXx26ipdolxcwtJVqEnqNYvlCAt1q3ypy4QMlYus+Zh34RNtYLoq2oQ4IA==
  
  source-map-support@~0.5.12:
    version "0.5.21"
    resolved "https://registry.npmmirror.com/source-map-support/download/source-map-support-0.5.21.tgz?cache=0&sync_timestamp=1637320322789&other_urls=https%3A%2F%2Fregistry.npmmirror.com%2Fsource-map-support%2Fdownload%2Fsource-map-support-0.5.21.tgz#04fe7c7f9e1ed2d662233c28cb2b35b9f63f6e4f"
    integrity sha512-uBHU3L3czsIyYXKX88fdrGovxdSCoTGDRZ6SYXtSRxLZUzHg5P/66Ht6uoUlHu9EZod+inXhKo3qQgwXUT/y1w==
    dependencies:
      buffer-from "^1.0.0"
      source-map "^0.6.0"
  
  source-map@^0.6.0, source-map@^0.6.1, source-map@~0.6.0, source-map@~0.6.1:
    version "0.6.1"
    resolved "https://registry.nlark.com/source-map/download/source-map-0.6.1.tgz#74722af32e9614e9c287a8d0bbde48b5e2f1a263"
    integrity sha1-dHIq8y6WFOnCh6jQu95IteLxomM=
  
  sourcemap-codec@^1.4.4:
    version "1.4.8"
    resolved "https://registry.nlark.com/sourcemap-codec/download/sourcemap-codec-1.4.8.tgz#ea804bd94857402e6992d05a38ef1ae35a9ab4c4"
    integrity sha1-6oBL2UhXQC5pktBaOO8a41qatMQ=
  
  sprintf-js@~1.0.2:
    version "1.0.3"
    resolved "https://registry.npm.taobao.org/sprintf-js/download/sprintf-js-1.0.3.tgz#04e6926f662895354f3dd015203633b857297e2c"
    integrity sha1-BOaSb2YolTVPPdAVIDYzuFcpfiw=
  
  "statuses@>= 1.2.1 < 2", "statuses@>= 1.4.0 < 2", "statuses@>= 1.5.0 < 2", statuses@^1.5.0:
    version "1.5.0"
    resolved "https://registry.nlark.com/statuses/download/statuses-1.5.0.tgz#161c7dac177659fd9811f43771fa99381478628c"
    integrity sha1-Fhx9rBd2Wf2YEfQ3cfqZOBR4Yow=
  
  strip-ansi@^6.0.0:
    version "6.0.1"
    resolved "https://registry.npmmirror.com/strip-ansi/download/strip-ansi-6.0.1.tgz#9e26c63d30f53443e9489495b2105d37b67a85d9"
    integrity sha1-nibGPTD1NEPpSJSVshBdN7Z6hdk=
    dependencies:
      ansi-regex "^5.0.1"
  
  strip-final-newline@^2.0.0:
    version "2.0.0"
    resolved "https://registry.nlark.com/strip-final-newline/download/strip-final-newline-2.0.0.tgz?cache=0&sync_timestamp=1620047319874&other_urls=https%3A%2F%2Fregistry.nlark.com%2Fstrip-final-newline%2Fdownload%2Fstrip-final-newline-2.0.0.tgz#89b852fb2fcbe936f6f4b3187afb0a12c1ab58ad"
    integrity sha1-ibhS+y/L6Tb29LMYevsKEsGrWK0=
  
  supports-color@^5.3.0:
    version "5.5.0"
    resolved "https://registry.npmmirror.com/supports-color/download/supports-color-5.5.0.tgz#e2e69a44ac8772f78a1ec0b35b689df6530efc8f"
    integrity sha1-4uaaRKyHcveKHsCzW2id9lMO/I8=
    dependencies:
      has-flag "^3.0.0"
  
  supports-color@^6.1.0:
    version "6.1.0"
    resolved "https://registry.npmmirror.com/supports-color/download/supports-color-6.1.0.tgz#0764abc69c63d5ac842dd4867e8d025e880df8f3"
    integrity sha1-B2Srxpxj1ayELdSGfo0CXogN+PM=
    dependencies:
      has-flag "^3.0.0"
  
  supports-color@^7.1.0:
    version "7.2.0"
    resolved "https://registry.npmmirror.com/supports-color/download/supports-color-7.2.0.tgz#1b7dcdcb32b8138801b3e478ba6a51caa89648da"
    integrity sha1-G33NyzK4E4gBs+R4umpRyqiWSNo=
    dependencies:
      has-flag "^4.0.0"
  
  supports-preserve-symlinks-flag@^1.0.0:
    version "1.0.0"
    resolved "https://registry.npmmirror.com/supports-preserve-symlinks-flag/download/supports-preserve-symlinks-flag-1.0.0.tgz#6eda4bd344a3c94aea376d4cc31bc77311039e09"
    integrity sha512-ot0WnXS9fgdkgIcePe6RHNk1WA8+muPa6cSjeR3V8K27q9BB1rTE3R1p7Hv0z1ZyAc8s6Vvv8DIyWf681MAt0w==
  
  terser@^4.6.2:
    version "4.8.0"
    resolved "https://registry.npmmirror.com/terser/download/terser-4.8.0.tgz#63056343d7c70bb29f3af665865a46fe03a0df17"
    integrity sha512-EAPipTNeWsb/3wLPeup1tVPaXfIaU68xMnVdPafIL1TV05OhASArYyIfFvnvJCNrR2NIOvDVNNTFRa+Re2MWyw==
    dependencies:
      commander "^2.20.0"
      source-map "~0.6.1"
      source-map-support "~0.5.12"
  
  thenify-all@^1.0.0:
    version "1.6.0"
    resolved "https://registry.npm.taobao.org/thenify-all/download/thenify-all-1.6.0.tgz#1a1918d402d8fc3f98fbf234db0bcc8cc10e9726"
    integrity sha1-GhkY1ALY/D+Y+/I02wvMjMEOlyY=
    dependencies:
      thenify ">= 3.1.0 < 4"
  
  "thenify@>= 3.1.0 < 4":
    version "3.3.1"
    resolved "https://registry.npm.taobao.org/thenify/download/thenify-3.3.1.tgz#8932e686a4066038a016dd9e2ca46add9838a95f"
    integrity sha1-iTLmhqQGYDigFt2eLKRq3Zg4qV8=
    dependencies:
      any-promise "^1.0.0"
  
  tiny-emitter@^2.0.0:
    version "2.1.0"
    resolved "https://registry.npm.taobao.org/tiny-emitter/download/tiny-emitter-2.1.0.tgz#1d1a56edfc51c43e863cbb5382a72330e3555423"
    integrity sha1-HRpW7fxRxD6GPLtTgqcjMONVVCM=
  
  to-regex-range@^5.0.1:
    version "5.0.1"
    resolved "https://registry.nlark.com/to-regex-range/download/to-regex-range-5.0.1.tgz#1648c44aae7c8d988a326018ed72f5b4dd0392e4"
    integrity sha1-FkjESq58jZiKMmAY7XL1tN0DkuQ=
    dependencies:
      is-number "^7.0.0"
  
  toidentifier@1.0.1:
    version "1.0.1"
    resolved "https://registry.npmmirror.com/toidentifier/download/toidentifier-1.0.1.tgz?cache=0&sync_timestamp=1636938515603&other_urls=https%3A%2F%2Fregistry.npmmirror.com%2Ftoidentifier%2Fdownload%2Ftoidentifier-1.0.1.tgz#3be34321a88a820ed1bd80dfaa33e479fbb8dd35"
    integrity sha512-o5sSPKEkg/DIQNmH43V0/uerLrpzVedkUh8tGNvaeXpfpuwjKenlSox/2O/BTlZUtEe+JG7s5YhEz608PlAHRA==
  
  tsscmp@1.0.6:
    version "1.0.6"
    resolved "https://registry.npmmirror.com/tsscmp/download/tsscmp-1.0.6.tgz#85b99583ac3589ec4bfef825b5000aa911d605eb"
    integrity sha1-hbmVg6w1iexL/vgltQAKqRHWBes=
  
  type-is@^1.6.16:
    version "1.6.18"
    resolved "https://registry.nlark.com/type-is/download/type-is-1.6.18.tgz#4e552cd05df09467dcbc4ef739de89f2cf37c131"
    integrity sha1-TlUs0F3wlGfcvE73Od6J8s83wTE=
    dependencies:
      media-typer "0.3.0"
      mime-types "~2.1.24"
  
  universalify@^2.0.0:
    version "2.0.0"
    resolved "https://registry.npm.taobao.org/universalify/download/universalify-2.0.0.tgz#75a4984efedc4b08975c5aeb73f530d02df25717"
    integrity sha1-daSYTv7cSwiXXFrrc/Uw0C3yVxc=
  
  vary@^1.1.2:
    version "1.1.2"
    resolved "https://registry.nlark.com/vary/download/vary-1.1.2.tgz#2299f02c6ded30d4a5961b0b9f74524a18f634fc"
    integrity sha1-IpnwLG3tMNSllhsLn3RSShj2NPw=
  
  vite@1.0.0-rc.1:
    version "1.0.0-rc.1"
    resolved "https://registry.npmmirror.com/vite/download/vite-1.0.0-rc.1.tgz#073cef87d7f335dad7b13dd69506ca23129e55b4"
    integrity sha512-CpJN3C2uhY6xcISlHIs9lJCnIe40/WGat8B0X60h1PVR/tcD+Ef8Iv/G/oxK31Qm4xFzjJ9m6mr4pOUVfH4nUA==
    dependencies:
      "@babel/parser" "^7.9.4"
      "@rollup/plugin-commonjs" "^13.0.0"
      "@rollup/plugin-json" "^4.0.3"
      "@rollup/plugin-node-resolve" "^8.0.0"
      "@types/koa" "^2.11.3"
      "@types/lru-cache" "^5.1.0"
      "@vue/compiler-dom" "^3.0.0-rc.1"
      "@vue/compiler-sfc" "^3.0.0-rc.1"
      brotli-size "^4.0.0"
      chalk "^4.0.0"
      chokidar "^3.3.1"
      clean-css "^4.2.3"
      debug "^4.1.1"
      dotenv "^8.2.0"
      dotenv-expand "^5.1.0"
      es-module-lexer "^0.3.18"
      esbuild "^0.6.3"
      etag "^1.8.1"
      execa "^4.0.1"
      fs-extra "^9.0.0"
      hash-sum "^2.0.0"
      isbuiltin "^1.0.0"
      koa "^2.11.0"
      koa-conditional-get "^2.0.0"
      koa-etag "^3.0.0"
      koa-proxies "^0.11.0"
      koa-send "^5.0.0"
      koa-static "^5.0.0"
      lru-cache "^5.1.1"
      magic-string "^0.25.7"
      merge-source-map "^1.1.0"
      mime-types "^2.1.27"
      minimist "^1.2.5"
      open "^7.0.3"
      ora "^4.0.4"
      postcss "^7.0.28"
      postcss-discard-comments "^4.0.2"
      postcss-import "^12.0.1"
      postcss-load-config "^2.1.0"
      resolve "^1.17.0"
      rollup "^2.20.0"
      rollup-plugin-dynamic-import-variables "^1.0.1"
      rollup-plugin-terser "^5.3.0"
      rollup-plugin-vue "^6.0.0-beta.9"
      rollup-plugin-web-worker-loader "^1.3.0"
      selfsigned "^1.10.7"
      slash "^3.0.0"
      vue "^3.0.0-rc.1"
      ws "^7.2.3"
  
  vue-router@4.0.0-beta.3:
    version "4.0.0-beta.3"
    resolved "https://registry.npmmirror.com/vue-router/download/vue-router-4.0.0-beta.3.tgz#e46f45807023a4b8ce73a143a216b4c9ea3eb243"
    integrity sha512-3/cg3n46D9MO9u2nvtGE38gMyUxg8sjt6jMeZ6zbi9sRGAL0PaDHuKS+xWlOOLit7abP5MepNlh84t41gxtP8Q==
  
  vue@3.2.20:
    version "3.2.20"
    resolved "https://registry.npmmirror.com/vue/download/vue-3.2.20.tgz#940f8aa8bf3e3be78243ca582bad41fcd45ae3e6"
    integrity sha512-81JjEP4OGk9oO8+CU0h2nFPGgJBm9mNa3kdCX2k6FuRdrWrC+CNe+tOnuIeTg8EWwQuI+wwdra5Q7vSzp7p4Iw==
    dependencies:
      "@vue/compiler-dom" "3.2.20"
      "@vue/compiler-sfc" "3.2.20"
      "@vue/runtime-dom" "3.2.20"
      "@vue/server-renderer" "3.2.20"
      "@vue/shared" "3.2.20"
  
  vue@^3.0.0-rc.1:
    version "3.2.26"
    resolved "https://registry.npmmirror.com/vue/download/vue-3.2.26.tgz#5db575583ecae495c7caa5c12fd590dffcbb763e"
    integrity sha512-KD4lULmskL5cCsEkfhERVRIOEDrfEL9CwAsLYpzptOGjaGFNWo3BQ9g8MAb7RaIO71rmVOziZ/uEN/rHwcUIhg==
    dependencies:
      "@vue/compiler-dom" "3.2.26"
      "@vue/compiler-sfc" "3.2.26"
      "@vue/runtime-dom" "3.2.26"
      "@vue/server-renderer" "3.2.26"
      "@vue/shared" "3.2.26"
  
  wcwidth@^1.0.1:
    version "1.0.1"
    resolved "https://registry.nlark.com/wcwidth/download/wcwidth-1.0.1.tgz#f0b0dcf915bc5ff1528afadb2c0e17b532da2fe8"
    integrity sha1-8LDc+RW8X/FSivrbLA4XtTLaL+g=
    dependencies:
      defaults "^1.0.3"
  
  which@^2.0.1:
    version "2.0.2"
    resolved "https://registry.nlark.com/which/download/which-2.0.2.tgz#7c6a8dd0a636a0327e10b59c9286eee93f3f51b1"
    integrity sha1-fGqN0KY2oDJ+ELWckobu6T8/UbE=
    dependencies:
      isexe "^2.0.0"
  
  wrappy@1:
    version "1.0.2"
    resolved "https://registry.nlark.com/wrappy/download/wrappy-1.0.2.tgz#b5243d8f3ec1aa35f1364605bc0d1036e30ab69f"
    integrity sha1-tSQ9jz7BqjXxNkYFvA0QNuMKtp8=
  
  ws@^7.2.3:
    version "7.5.6"
    resolved "https://registry.npmmirror.com/ws/download/ws-7.5.6.tgz#e59fc509fb15ddfb65487ee9765c5a51dec5fe7b"
    integrity sha512-6GLgCqo2cy2A2rjCNFlxQS6ZljG/coZfZXclldI8FB/1G3CCI36Zd8xy2HrFVACi8tfk5XrgLQEk+P0Tnz9UcA==
  
  yallist@^3.0.2:
    version "3.1.1"
    resolved "https://registry.npm.taobao.org/yallist/download/yallist-3.1.1.tgz#dbb7daf9bfd8bac9ab45ebf602b8cbad0d5d08fd"
    integrity sha1-27fa+b/YusmrRev2ArjLrQ1dCP0=
  
  ylru@^1.2.0:
    version "1.2.1"
    resolved "https://registry.nlark.com/ylru/download/ylru-1.2.1.tgz#f576b63341547989c1de7ba288760923b27fe84f"
    integrity sha1-9Xa2M0FUeYnB3nuiiHYJI7J/6E8=
